This is pdfTeX, Version 3.14159265-2.6-1.40.20 (TeX Live 2019/Debian) (preloaded format=pdflatex 2022.2.3)  6 DEC 2022 13:19
entering extended mode
 restricted \write18 enabled.
 %&-line parsing enabled.
**AN-21-003.tex
(./AN-21-003.tex
LaTeX2e <2020-02-02> patch level 2
L3 programming layer <2020-02-14>
(/usr/share/texlive/texmf-dist/tex/latex/base/article.cls
Document Class: article 2019/12/20 v1.4l Standard LaTeX document class
(/usr/share/texlive/texmf-dist/tex/latex/base/size10.clo
File: size10.clo 2019/12/20 v1.4l Standard LaTeX file (size option)
)
\c@part=\count167
\c@section=\count168
\c@subsection=\count169
\c@subsubsection=\count170
\c@paragraph=\count171
\c@subparagraph=\count172
\c@figure=\count173
\c@table=\count174
\abovecaptionskip=\skip47
\belowcaptionskip=\skip48
\bibindent=\dimen134
)
(/usr/share/texlive/texmf-dist/tex/latex/base/inputenc.sty
Package: inputenc 2018/08/11 v1.3c Input encoding file
\inpenc@prehook=\toks14
\inpenc@posthook=\toks15
)
(/usr/share/texlive/texmf-dist/tex/latex/xcolor/xcolor.sty
Package: xcolor 2016/05/11 v2.12 LaTeX color extensions (UK)

(/usr/share/texlive/texmf-dist/tex/latex/graphics-cfg/color.cfg
File: color.cfg 2016/01/02 v1.6 sample color configuration
)
Package xcolor Info: Driver file: pdftex.def on input line 225.

(/usr/share/texlive/texmf-dist/tex/latex/graphics-def/pdftex.def
File: pdftex.def 2018/01/08 v1.0l Graphics/color driver for pdftex
)
Package xcolor Info: Model `cmy' substituted by `cmy0' on input line 1348.
Package xcolor Info: Model `hsb' substituted by `rgb' on input line 1352.
Package xcolor Info: Model `RGB' extended on input line 1364.
Package xcolor Info: Model `HTML' substituted by `rgb' on input line 1366.
Package xcolor Info: Model `Hsb' substituted by `hsb' on input line 1367.
Package xcolor Info: Model `tHsb' substituted by `hsb' on input line 1368.
Package xcolor Info: Model `HSB' substituted by `hsb' on input line 1369.
Package xcolor Info: Model `Gray' substituted by `gray' on input line 1370.
Package xcolor Info: Model `wave' substituted by `hsb' on input line 1371.
)
(/usr/share/texlive/texmf-dist/tex/latex/comment/comment.sty
\CommentStream=\write3

Excluding comment 'comment')
(/usr/share/texlive/texmf-dist/tex/latex/hyperref/hyperref.sty
Package: hyperref 2020/01/14 v7.00d Hypertext links for LaTeX

(/usr/share/texlive/texmf-dist/tex/generic/ltxcmds/ltxcmds.sty
Package: ltxcmds 2019/12/15 v1.24 LaTeX kernel commands for general use (HO)
)
(/usr/share/texlive/texmf-dist/tex/generic/iftex/iftex.sty
Package: iftex 2019/11/07 v1.0c TeX engine tests
)
(/usr/share/texlive/texmf-dist/tex/latex/pdftexcmds/pdftexcmds.sty
Package: pdftexcmds 2019/11/24 v0.31 Utility functions of pdfTeX for LuaTeX (HO
)

(/usr/share/texlive/texmf-dist/tex/generic/infwarerr/infwarerr.sty
Package: infwarerr 2019/12/03 v1.5 Providing info/warning/error messages (HO)
)
Package pdftexcmds Info: \pdf@primitive is available.
Package pdftexcmds Info: \pdf@ifprimitive is available.
Package pdftexcmds Info: \pdfdraftmode found.
)
(/usr/share/texlive/texmf-dist/tex/latex/graphics/keyval.sty
Package: keyval 2014/10/28 v1.15 key=value parser (DPC)
\KV@toks@=\toks16
)
(/usr/share/texlive/texmf-dist/tex/generic/kvsetkeys/kvsetkeys.sty
Package: kvsetkeys 2019/12/15 v1.18 Key value parser (HO)
)
(/usr/share/texlive/texmf-dist/tex/generic/kvdefinekeys/kvdefinekeys.sty
Package: kvdefinekeys 2019-12-19 v1.6 Define keys (HO)
)
(/usr/share/texlive/texmf-dist/tex/generic/pdfescape/pdfescape.sty
Package: pdfescape 2019/12/09 v1.15 Implements pdfTeX's escape features (HO)
)
(/usr/share/texlive/texmf-dist/tex/latex/hycolor/hycolor.sty
Package: hycolor 2020-01-27 v1.10 Color options for hyperref/bookmark (HO)
)
(/usr/share/texlive/texmf-dist/tex/latex/letltxmacro/letltxmacro.sty
Package: letltxmacro 2019/12/03 v1.6 Let assignment for LaTeX macros (HO)
)
(/usr/share/texlive/texmf-dist/tex/latex/auxhook/auxhook.sty
Package: auxhook 2019-12-17 v1.6 Hooks for auxiliary files (HO)
)
(/usr/share/texlive/texmf-dist/tex/latex/kvoptions/kvoptions.sty
Package: kvoptions 2019/11/29 v3.13 Key value format for package options (HO)
)
\@linkdim=\dimen135
\Hy@linkcounter=\count175
\Hy@pagecounter=\count176

(/usr/share/texlive/texmf-dist/tex/latex/hyperref/pd1enc.def
File: pd1enc.def 2020/01/14 v7.00d Hyperref: PDFDocEncoding definition (HO)
Now handling font encoding PD1 ...
... no UTF-8 mapping file for font encoding PD1
)
(/usr/share/texlive/texmf-dist/tex/generic/intcalc/intcalc.sty
Package: intcalc 2019/12/15 v1.3 Expandable calculations with integers (HO)
)
(/usr/share/texlive/texmf-dist/tex/generic/etexcmds/etexcmds.sty
Package: etexcmds 2019/12/15 v1.7 Avoid name clashes with e-TeX commands (HO)
)
\Hy@SavedSpaceFactor=\count177
\pdfmajorversion=\count178
Package hyperref Info: Hyper figures OFF on input line 4547.
Package hyperref Info: Link nesting OFF on input line 4552.
Package hyperref Info: Hyper index ON on input line 4555.
Package hyperref Info: Plain pages OFF on input line 4562.
Package hyperref Info: Backreferencing OFF on input line 4567.
Package hyperref Info: Implicit mode ON; LaTeX internals redefined.
Package hyperref Info: Bookmarks ON on input line 4800.
\c@Hy@tempcnt=\count179

(/usr/share/texlive/texmf-dist/tex/latex/url/url.sty
\Urlmuskip=\muskip16
Package: url 2013/09/16  ver 3.4  Verb mode for urls, etc.
)
LaTeX Info: Redefining \url on input line 5159.
\XeTeXLinkMargin=\dimen136

(/usr/share/texlive/texmf-dist/tex/generic/bitset/bitset.sty
Package: bitset 2019/12/09 v1.3 Handle bit-vector datatype (HO)

(/usr/share/texlive/texmf-dist/tex/generic/bigintcalc/bigintcalc.sty
Package: bigintcalc 2019/12/15 v1.5 Expandable calculations on big integers (HO
)
))
\Fld@menulength=\count180
\Field@Width=\dimen137
\Fld@charsize=\dimen138
Package hyperref Info: Hyper figures OFF on input line 6430.
Package hyperref Info: Link nesting OFF on input line 6435.
Package hyperref Info: Hyper index ON on input line 6438.
Package hyperref Info: backreferencing OFF on input line 6445.
Package hyperref Info: Link coloring OFF on input line 6450.
Package hyperref Info: Link coloring with OCG OFF on input line 6455.
Package hyperref Info: PDF/A mode OFF on input line 6460.
LaTeX Info: Redefining \ref on input line 6500.
LaTeX Info: Redefining \pageref on input line 6504.

(/usr/share/texlive/texmf-dist/tex/generic/atbegshi/atbegshi.sty
Package: atbegshi 2019/12/05 v1.19 At begin shipout hook (HO)
)
\Hy@abspage=\count181
\c@Item=\count182
\c@Hfootnote=\count183
)
Package hyperref Info: Driver (autodetected): hpdftex.

(/usr/share/texlive/texmf-dist/tex/latex/hyperref/hpdftex.def
File: hpdftex.def 2020/01/14 v7.00d Hyperref driver for pdfTeX

(/usr/share/texlive/texmf-dist/tex/latex/atveryend/atveryend.sty
Package: atveryend 2019-12-11 v1.11 Hooks at the very end of document (HO)
Package atveryend Info: \enddocument detected (standard20110627).
)
\Fld@listcount=\count184
\c@bookmark@seq@number=\count185

(/usr/share/texlive/texmf-dist/tex/latex/rerunfilecheck/rerunfilecheck.sty
Package: rerunfilecheck 2019/12/05 v1.9 Rerun checks for auxiliary files (HO)

(/usr/share/texlive/texmf-dist/tex/generic/uniquecounter/uniquecounter.sty
Package: uniquecounter 2019/12/15 v1.4 Provide unlimited unique counter (HO)
)
Package uniquecounter Info: New unique counter `rerunfilecheck' on input line 2
86.
)
\Hy@SectionHShift=\skip49
)
(/usr/share/texlive/texmf-dist/tex/latex/multirow/multirow.sty
Package: multirow 2019/05/31 v2.5 Span multiple rows of a table
\multirow@colwidth=\skip50
\multirow@cntb=\count186
\multirow@dima=\skip51
\bigstrutjot=\dimen139
)
(/usr/share/texlive/texmf-dist/tex/latex/amsmath/amstext.sty
Package: amstext 2000/06/29 v2.01 AMS text

(/usr/share/texlive/texmf-dist/tex/latex/amsmath/amsgen.sty
File: amsgen.sty 1999/11/30 v2.0 generic functions
\@emptytoks=\toks17
\ex@=\dimen140
))
(/usr/share/texlive/texmf-dist/tex/latex/graphics/rotating.sty
Package: rotating 2016/08/11 v2.16d rotated objects in LaTeX

(/usr/share/texlive/texmf-dist/tex/latex/graphics/graphicx.sty
Package: graphicx 2019/11/30 v1.2a Enhanced LaTeX Graphics (DPC,SPQR)

(/usr/share/texlive/texmf-dist/tex/latex/graphics/graphics.sty
Package: graphics 2019/11/30 v1.4a Standard LaTeX Graphics (DPC,SPQR)

(/usr/share/texlive/texmf-dist/tex/latex/graphics/trig.sty
Package: trig 2016/01/03 v1.10 sin cos tan (DPC)
)
(/usr/share/texlive/texmf-dist/tex/latex/graphics-cfg/graphics.cfg
File: graphics.cfg 2016/06/04 v1.11 sample graphics configuration
)
Package graphics Info: Driver file: pdftex.def on input line 105.
)
\Gin@req@height=\dimen141
\Gin@req@width=\dimen142
)
(/usr/share/texlive/texmf-dist/tex/latex/base/ifthen.sty
Package: ifthen 2014/09/29 v1.1c Standard LaTeX ifthen package (DPC)
)
\c@r@tfl@t=\count187
\rotFPtop=\skip52
\rotFPbot=\skip53
\rot@float@box=\box45
\rot@mess@toks=\toks18
)
(/usr/share/texlive/texmf-dist/tex/latex/pgf/frontendlayer/tikz.sty
(/usr/share/texlive/texmf-dist/tex/latex/pgf/basiclayer/pgf.sty
(/usr/share/texlive/texmf-dist/tex/latex/pgf/utilities/pgfrcs.sty
(/usr/share/texlive/texmf-dist/tex/generic/pgf/utilities/pgfutil-common.tex
\pgfutil@everybye=\toks19
\pgfutil@tempdima=\dimen143
\pgfutil@tempdimb=\dimen144

(/usr/share/texlive/texmf-dist/tex/generic/pgf/utilities/pgfutil-common-lists.t
ex)) (/usr/share/texlive/texmf-dist/tex/generic/pgf/utilities/pgfutil-latex.def
\pgfutil@abb=\box46
(/usr/share/texlive/texmf-dist/tex/latex/ms/everyshi.sty
Package: everyshi 2001/05/15 v3.00 EveryShipout Package (MS)
))
(/usr/share/texlive/texmf-dist/tex/generic/pgf/utilities/pgfrcs.code.tex
(/usr/share/texlive/texmf-dist/tex/generic/pgf/pgf.revision.tex)
Package: pgfrcs 2020/01/08 v3.1.5b (3.1.5b)
))
Package: pgf 2020/01/08 v3.1.5b (3.1.5b)

(/usr/share/texlive/texmf-dist/tex/latex/pgf/basiclayer/pgfcore.sty
(/usr/share/texlive/texmf-dist/tex/latex/pgf/systemlayer/pgfsys.sty
(/usr/share/texlive/texmf-dist/tex/generic/pgf/systemlayer/pgfsys.code.tex
Package: pgfsys 2020/01/08 v3.1.5b (3.1.5b)

(/usr/share/texlive/texmf-dist/tex/generic/pgf/utilities/pgfkeys.code.tex
\pgfkeys@pathtoks=\toks20
\pgfkeys@temptoks=\toks21

(/usr/share/texlive/texmf-dist/tex/generic/pgf/utilities/pgfkeysfiltered.code.t
ex
\pgfkeys@tmptoks=\toks22
))
\pgf@x=\dimen145
\pgf@y=\dimen146
\pgf@xa=\dimen147
\pgf@ya=\dimen148
\pgf@xb=\dimen149
\pgf@yb=\dimen150
\pgf@xc=\dimen151
\pgf@yc=\dimen152
\pgf@xd=\dimen153
\pgf@yd=\dimen154
\w@pgf@writea=\write4
\r@pgf@reada=\read2
\c@pgf@counta=\count188
\c@pgf@countb=\count189
\c@pgf@countc=\count190
\c@pgf@countd=\count191
\t@pgf@toka=\toks23
\t@pgf@tokb=\toks24
\t@pgf@tokc=\toks25
\pgf@sys@id@count=\count192
 (/usr/share/texlive/texmf-dist/tex/generic/pgf/systemlayer/pgf.cfg
File: pgf.cfg 2020/01/08 v3.1.5b (3.1.5b)
)
Driver file for pgf: pgfsys-pdftex.def

(/usr/share/texlive/texmf-dist/tex/generic/pgf/systemlayer/pgfsys-pdftex.def
File: pgfsys-pdftex.def 2020/01/08 v3.1.5b (3.1.5b)

(/usr/share/texlive/texmf-dist/tex/generic/pgf/systemlayer/pgfsys-common-pdf.de
f
File: pgfsys-common-pdf.def 2020/01/08 v3.1.5b (3.1.5b)
)))
(/usr/share/texlive/texmf-dist/tex/generic/pgf/systemlayer/pgfsyssoftpath.code.
tex
File: pgfsyssoftpath.code.tex 2020/01/08 v3.1.5b (3.1.5b)
\pgfsyssoftpath@smallbuffer@items=\count193
\pgfsyssoftpath@bigbuffer@items=\count194
)
(/usr/share/texlive/texmf-dist/tex/generic/pgf/systemlayer/pgfsysprotocol.code.
tex
File: pgfsysprotocol.code.tex 2020/01/08 v3.1.5b (3.1.5b)
))
(/usr/share/texlive/texmf-dist/tex/generic/pgf/basiclayer/pgfcore.code.tex
Package: pgfcore 2020/01/08 v3.1.5b (3.1.5b)

(/usr/share/texlive/texmf-dist/tex/generic/pgf/math/pgfmath.code.tex
(/usr/share/texlive/texmf-dist/tex/generic/pgf/math/pgfmathcalc.code.tex
(/usr/share/texlive/texmf-dist/tex/generic/pgf/math/pgfmathutil.code.tex)
(/usr/share/texlive/texmf-dist/tex/generic/pgf/math/pgfmathparser.code.tex
\pgfmath@dimen=\dimen155
\pgfmath@count=\count195
\pgfmath@box=\box47
\pgfmath@toks=\toks26
\pgfmath@stack@operand=\toks27
\pgfmath@stack@operation=\toks28
)
(/usr/share/texlive/texmf-dist/tex/generic/pgf/math/pgfmathfunctions.code.tex
(/usr/share/texlive/texmf-dist/tex/generic/pgf/math/pgfmathfunctions.basic.code
.tex)
(/usr/share/texlive/texmf-dist/tex/generic/pgf/math/pgfmathfunctions.trigonomet
ric.code.tex)
(/usr/share/texlive/texmf-dist/tex/generic/pgf/math/pgfmathfunctions.random.cod
e.tex)
(/usr/share/texlive/texmf-dist/tex/generic/pgf/math/pgfmathfunctions.comparison
.code.tex)
(/usr/share/texlive/texmf-dist/tex/generic/pgf/math/pgfmathfunctions.base.code.
tex)
(/usr/share/texlive/texmf-dist/tex/generic/pgf/math/pgfmathfunctions.round.code
.tex)
(/usr/share/texlive/texmf-dist/tex/generic/pgf/math/pgfmathfunctions.misc.code.
tex)
(/usr/share/texlive/texmf-dist/tex/generic/pgf/math/pgfmathfunctions.integerari
thmetics.code.tex)))
(/usr/share/texlive/texmf-dist/tex/generic/pgf/math/pgfmathfloat.code.tex
\c@pgfmathroundto@lastzeros=\count196
))
(/usr/share/texlive/texmf-dist/tex/generic/pgf/math/pgfint.code.tex)
(/usr/share/texlive/texmf-dist/tex/generic/pgf/basiclayer/pgfcorepoints.code.te
x
File: pgfcorepoints.code.tex 2020/01/08 v3.1.5b (3.1.5b)
\pgf@picminx=\dimen156
\pgf@picmaxx=\dimen157
\pgf@picminy=\dimen158
\pgf@picmaxy=\dimen159
\pgf@pathminx=\dimen160
\pgf@pathmaxx=\dimen161
\pgf@pathminy=\dimen162
\pgf@pathmaxy=\dimen163
\pgf@xx=\dimen164
\pgf@xy=\dimen165
\pgf@yx=\dimen166
\pgf@yy=\dimen167
\pgf@zx=\dimen168
\pgf@zy=\dimen169
)
(/usr/share/texlive/texmf-dist/tex/generic/pgf/basiclayer/pgfcorepathconstruct.
code.tex
File: pgfcorepathconstruct.code.tex 2020/01/08 v3.1.5b (3.1.5b)
\pgf@path@lastx=\dimen170
\pgf@path@lasty=\dimen171
)
(/usr/share/texlive/texmf-dist/tex/generic/pgf/basiclayer/pgfcorepathusage.code
.tex
File: pgfcorepathusage.code.tex 2020/01/08 v3.1.5b (3.1.5b)
\pgf@shorten@end@additional=\dimen172
\pgf@shorten@start@additional=\dimen173
)
(/usr/share/texlive/texmf-dist/tex/generic/pgf/basiclayer/pgfcorescopes.code.te
x
File: pgfcorescopes.code.tex 2020/01/08 v3.1.5b (3.1.5b)
\pgfpic=\box48
\pgf@hbox=\box49
\pgf@layerbox@main=\box50
\pgf@picture@serial@count=\count197
)
(/usr/share/texlive/texmf-dist/tex/generic/pgf/basiclayer/pgfcoregraphicstate.c
ode.tex
File: pgfcoregraphicstate.code.tex 2020/01/08 v3.1.5b (3.1.5b)
\pgflinewidth=\dimen174
)
(/usr/share/texlive/texmf-dist/tex/generic/pgf/basiclayer/pgfcoretransformation
s.code.tex
File: pgfcoretransformations.code.tex 2020/01/08 v3.1.5b (3.1.5b)
\pgf@pt@x=\dimen175
\pgf@pt@y=\dimen176
\pgf@pt@temp=\dimen177
)
(/usr/share/texlive/texmf-dist/tex/generic/pgf/basiclayer/pgfcorequick.code.tex
File: pgfcorequick.code.tex 2020/01/08 v3.1.5b (3.1.5b)
)
(/usr/share/texlive/texmf-dist/tex/generic/pgf/basiclayer/pgfcoreobjects.code.t
ex
File: pgfcoreobjects.code.tex 2020/01/08 v3.1.5b (3.1.5b)
)
(/usr/share/texlive/texmf-dist/tex/generic/pgf/basiclayer/pgfcorepathprocessing
.code.tex
File: pgfcorepathprocessing.code.tex 2020/01/08 v3.1.5b (3.1.5b)
)
(/usr/share/texlive/texmf-dist/tex/generic/pgf/basiclayer/pgfcorearrows.code.te
x
File: pgfcorearrows.code.tex 2020/01/08 v3.1.5b (3.1.5b)
\pgfarrowsep=\dimen178
)
(/usr/share/texlive/texmf-dist/tex/generic/pgf/basiclayer/pgfcoreshade.code.tex
File: pgfcoreshade.code.tex 2020/01/08 v3.1.5b (3.1.5b)
\pgf@max=\dimen179
\pgf@sys@shading@range@num=\count198
\pgf@shadingcount=\count199
)
(/usr/share/texlive/texmf-dist/tex/generic/pgf/basiclayer/pgfcoreimage.code.tex
File: pgfcoreimage.code.tex 2020/01/08 v3.1.5b (3.1.5b)

(/usr/share/texlive/texmf-dist/tex/generic/pgf/basiclayer/pgfcoreexternal.code.
tex
File: pgfcoreexternal.code.tex 2020/01/08 v3.1.5b (3.1.5b)
\pgfexternal@startupbox=\box51
))
(/usr/share/texlive/texmf-dist/tex/generic/pgf/basiclayer/pgfcorelayers.code.te
x
File: pgfcorelayers.code.tex 2020/01/08 v3.1.5b (3.1.5b)
)
(/usr/share/texlive/texmf-dist/tex/generic/pgf/basiclayer/pgfcoretransparency.c
ode.tex
File: pgfcoretransparency.code.tex 2020/01/08 v3.1.5b (3.1.5b)
)
(/usr/share/texlive/texmf-dist/tex/generic/pgf/basiclayer/pgfcorepatterns.code.
tex
File: pgfcorepatterns.code.tex 2020/01/08 v3.1.5b (3.1.5b)
)
(/usr/share/texlive/texmf-dist/tex/generic/pgf/basiclayer/pgfcorerdf.code.tex
File: pgfcorerdf.code.tex 2020/01/08 v3.1.5b (3.1.5b)
)))
(/usr/share/texlive/texmf-dist/tex/generic/pgf/modules/pgfmoduleshapes.code.tex
File: pgfmoduleshapes.code.tex 2020/01/08 v3.1.5b (3.1.5b)
\pgfnodeparttextbox=\box52
) (/usr/share/texlive/texmf-dist/tex/generic/pgf/modules/pgfmoduleplot.code.tex
File: pgfmoduleplot.code.tex 2020/01/08 v3.1.5b (3.1.5b)
)
(/usr/share/texlive/texmf-dist/tex/latex/pgf/compatibility/pgfcomp-version-0-65
.sty
Package: pgfcomp-version-0-65 2020/01/08 v3.1.5b (3.1.5b)
\pgf@nodesepstart=\dimen180
\pgf@nodesepend=\dimen181
)
(/usr/share/texlive/texmf-dist/tex/latex/pgf/compatibility/pgfcomp-version-1-18
.sty
Package: pgfcomp-version-1-18 2020/01/08 v3.1.5b (3.1.5b)
)) (/usr/share/texlive/texmf-dist/tex/latex/pgf/utilities/pgffor.sty
(/usr/share/texlive/texmf-dist/tex/latex/pgf/utilities/pgfkeys.sty
(/usr/share/texlive/texmf-dist/tex/generic/pgf/utilities/pgfkeys.code.tex))
(/usr/share/texlive/texmf-dist/tex/latex/pgf/math/pgfmath.sty
(/usr/share/texlive/texmf-dist/tex/generic/pgf/math/pgfmath.code.tex))
(/usr/share/texlive/texmf-dist/tex/generic/pgf/utilities/pgffor.code.tex
Package: pgffor 2020/01/08 v3.1.5b (3.1.5b)

(/usr/share/texlive/texmf-dist/tex/generic/pgf/math/pgfmath.code.tex)
\pgffor@iter=\dimen182
\pgffor@skip=\dimen183
\pgffor@stack=\toks29
\pgffor@toks=\toks30
))
(/usr/share/texlive/texmf-dist/tex/generic/pgf/frontendlayer/tikz/tikz.code.tex
Package: tikz 2020/01/08 v3.1.5b (3.1.5b)

(/usr/share/texlive/texmf-dist/tex/generic/pgf/libraries/pgflibraryplothandlers
.code.tex
File: pgflibraryplothandlers.code.tex 2020/01/08 v3.1.5b (3.1.5b)
\pgf@plot@mark@count=\count266
\pgfplotmarksize=\dimen184
)
\tikz@lastx=\dimen185
\tikz@lasty=\dimen186
\tikz@lastxsaved=\dimen187
\tikz@lastysaved=\dimen188
\tikz@lastmovetox=\dimen189
\tikz@lastmovetoy=\dimen190
\tikzleveldistance=\dimen191
\tikzsiblingdistance=\dimen192
\tikz@figbox=\box53
\tikz@figbox@bg=\box54
\tikz@tempbox=\box55
\tikz@tempbox@bg=\box56
\tikztreelevel=\count267
\tikznumberofchildren=\count268
\tikznumberofcurrentchild=\count269
\tikz@fig@count=\count270

(/usr/share/texlive/texmf-dist/tex/generic/pgf/modules/pgfmodulematrix.code.tex
File: pgfmodulematrix.code.tex 2020/01/08 v3.1.5b (3.1.5b)
\pgfmatrixcurrentrow=\count271
\pgfmatrixcurrentcolumn=\count272
\pgf@matrix@numberofcolumns=\count273
)
\tikz@expandcount=\count274

(/usr/share/texlive/texmf-dist/tex/generic/pgf/frontendlayer/tikz/libraries/tik
zlibrarytopaths.code.tex
File: tikzlibrarytopaths.code.tex 2020/01/08 v3.1.5b (3.1.5b)
)))
(/usr/share/texlive/texmf-dist/tex/latex/tools/verbatim.sty
Package: verbatim 2019/11/10 v1.5r LaTeX2e package for verbatim enhancements
\every@verbatim=\toks31
\verbatim@line=\toks32
\verbatim@in@stream=\read3
)
(/usr/share/texlive/texmf-dist/tex/latex/amsmath/amsmath.sty
Package: amsmath 2020/01/20 v2.17e AMS math features
\@mathmargin=\skip54

For additional information on amsmath, use the `?' option.
(/usr/share/texlive/texmf-dist/tex/latex/amsmath/amsbsy.sty
Package: amsbsy 1999/11/29 v1.2d Bold Symbols
\pmbraise@=\dimen193
)
(/usr/share/texlive/texmf-dist/tex/latex/amsmath/amsopn.sty
Package: amsopn 2016/03/08 v2.02 operator names
)
\inf@bad=\count275
LaTeX Info: Redefining \frac on input line 227.
\uproot@=\count276
\leftroot@=\count277
LaTeX Info: Redefining \overline on input line 389.
\classnum@=\count278
\DOTSCASE@=\count279
LaTeX Info: Redefining \ldots on input line 486.
LaTeX Info: Redefining \dots on input line 489.
LaTeX Info: Redefining \cdots on input line 610.
\Mathstrutbox@=\box57
\strutbox@=\box58
\big@size=\dimen194
LaTeX Font Info:    Redeclaring font encoding OML on input line 733.
LaTeX Font Info:    Redeclaring font encoding OMS on input line 734.
\macc@depth=\count280
\c@MaxMatrixCols=\count281
\dotsspace@=\muskip17
\c@parentequation=\count282
\dspbrk@lvl=\count283
\tag@help=\toks33
\row@=\count284
\column@=\count285
\maxfields@=\count286
\andhelp@=\toks34
\eqnshift@=\dimen195
\alignsep@=\dimen196
\tagshift@=\dimen197
\tagwidth@=\dimen198
\totwidth@=\dimen199
\lineht@=\dimen256
\@envbody=\toks35
\multlinegap=\skip55
\multlinetaggap=\skip56
\mathdisplay@stack=\toks36
LaTeX Info: Redefining \[ on input line 2859.
LaTeX Info: Redefining \] on input line 2860.
)
(/usr/share/texlive/texmf-dist/tex/latex/braket/braket.sty)
(/usr/share/texlive/texmf-dist/tex/latex/physics/physics.sty
Package: physics 

(/usr/share/texlive/texmf-dist/tex/latex/l3packages/xparse/xparse.sty
(/usr/share/texlive/texmf-dist/tex/latex/l3kernel/expl3.sty
Package: expl3 2020-02-14 L3 programming layer (loader) 

(/usr/share/texlive/texmf-dist/tex/latex/l3backend/l3backend-pdfmode.def
File: l3backend-pdfmode.def 2020-02-03 L3 backend support: PDF mode
\l__kernel_color_stack_int=\count287
\l__pdf_internal_box=\box59
))
Package: xparse 2020-02-14 L3 Experimental document command parser
\l__xparse_current_arg_int=\count288
\g__xparse_grabber_int=\count289
\l__xparse_m_args_int=\count290
\l__xparse_v_nesting_int=\count291
))
(/usr/share/texlive/texmf-dist/tex/latex/tools/xspace.sty
Package: xspace 2014/10/28 v1.13 Space after command names (DPC,MH)
) (./AN-21-003.aux)
\openout1 = `AN-21-003.aux'.

LaTeX Font Info:    Checking defaults for OML/cmm/m/it on input line 57.
LaTeX Font Info:    ... okay on input line 57.
LaTeX Font Info:    Checking defaults for OMS/cmsy/m/n on input line 57.
LaTeX Font Info:    ... okay on input line 57.
LaTeX Font Info:    Checking defaults for OT1/cmr/m/n on input line 57.
LaTeX Font Info:    ... okay on input line 57.
LaTeX Font Info:    Checking defaults for T1/cmr/m/n on input line 57.
LaTeX Font Info:    ... okay on input line 57.
LaTeX Font Info:    Checking defaults for TS1/cmr/m/n on input line 57.
LaTeX Font Info:    ... okay on input line 57.
LaTeX Font Info:    Checking defaults for OMX/cmex/m/n on input line 57.
LaTeX Font Info:    ... okay on input line 57.
LaTeX Font Info:    Checking defaults for U/cmr/m/n on input line 57.
LaTeX Font Info:    ... okay on input line 57.
LaTeX Font Info:    Checking defaults for PD1/pdf/m/n on input line 57.
LaTeX Font Info:    ... okay on input line 57.

(/usr/share/texlive/texmf-dist/tex/context/base/mkii/supp-pdf.mkii
[Loading MPS to PDF converter (version 2006.09.02).]
\scratchcounter=\count292
\scratchdimen=\dimen257
\scratchbox=\box60
\nofMPsegments=\count293
\nofMParguments=\count294
\everyMPshowfont=\toks37
\MPscratchCnt=\count295
\MPscratchDim=\dimen258
\MPnumerator=\count296
\makeMPintoPDFobject=\count297
\everyMPtoPDFconversion=\toks38
) (/usr/share/texlive/texmf-dist/tex/latex/epstopdf-pkg/epstopdf-base.sty
Package: epstopdf-base 2020-01-24 v2.11 Base part for package epstopdf
Package epstopdf-base Info: Redefining graphics rule for `.eps' on input line 4
85.

(/usr/share/texlive/texmf-dist/tex/latex/latexconfig/epstopdf-sys.cfg
File: epstopdf-sys.cfg 2010/07/13 v1.3 Configuration of (r)epstopdf for TeX Liv
e
))
\AtBeginShipoutBox=\box61
Package hyperref Info: Link coloring OFF on input line 57.

(/usr/share/texlive/texmf-dist/tex/latex/hyperref/nameref.sty
Package: nameref 2019/09/16 v2.46 Cross-referencing by name of section

(/usr/share/texlive/texmf-dist/tex/latex/refcount/refcount.sty
Package: refcount 2019/12/15 v3.6 Data extraction from label references (HO)
)
(/usr/share/texlive/texmf-dist/tex/generic/gettitlestring/gettitlestring.sty
Package: gettitlestring 2019/12/15 v1.6 Cleanup title references (HO)
)
\c@section@level=\count298
)
LaTeX Info: Redefining \ref on input line 57.
LaTeX Info: Redefining \pageref on input line 57.
LaTeX Info: Redefining \nameref on input line 57.

(./AN-21-003.out) (./AN-21-003.out)
\@outlinefile=\write5
\openout5 = `AN-21-003.out'.

 ABD: EveryShipout initializing macros
[1

{/var/lib/texmf/fonts/map/pdftex/updmap/pdftex.map}] (./AN-21-003.toc)
\tf@toc=\write6
\openout6 = `AN-21-003.toc'.


[2] (./01_introduction.tex [3]
Overfull \hbox (2.30501pt too wide) in paragraph at lines 52--59
[]\OT1/cmr/m/n/10 Along the way, four PhD the-ses have been pre-pared and de-fe
nded, by Valentin
 []

[4]
<Figures/chapter1/Jpsi_psi2S_pol.pdf, id=197, 524.37709pt x 515.41258pt>
File: Figures/chapter1/Jpsi_psi2S_pol.pdf Graphic file (type pdf)
<use Figures/chapter1/Jpsi_psi2S_pol.pdf>
Package pdftex.def Info: Figures/chapter1/Jpsi_psi2S_pol.pdf  used on input lin
e 113.
(pdftex.def)             Requested size: 524.37581pt x 515.41132pt.
<Figures/chapter1/NRQCD_dists.pdf, id=199, 441.18225pt x 813.74915pt>
File: Figures/chapter1/NRQCD_dists.pdf Graphic file (type pdf)
<use Figures/chapter1/NRQCD_dists.pdf>
Package pdftex.def Info: Figures/chapter1/NRQCD_dists.pdf  used on input line 1
32.
(pdftex.def)             Requested size: 441.18117pt x 813.74716pt.


LaTeX Warning: `h' float specifier changed to `ht'.

[5 <./Figures/chapter1/Jpsi_psi2S_pol.pdf>] [6 <./Figures/chapter1/NRQCD_dists.
pdf>]
<Figures/chapter1/fig_coordinates_new.pdf, id=266, 306.46294pt x 269.4356pt>
File: Figures/chapter1/fig_coordinates_new.pdf Graphic file (type pdf)
<use Figures/chapter1/fig_coordinates_new.pdf>
Package pdftex.def Info: Figures/chapter1/fig_coordinates_new.pdf  used on inpu
t line 229.
(pdftex.def)             Requested size: 306.46217pt x 269.43492pt.


LaTeX Warning: `h' float specifier changed to `ht'.

<Figures/chapter1/fig_frames.pdf, id=269, 718.49539pt x 284.40454pt>
File: Figures/chapter1/fig_frames.pdf Graphic file (type pdf)
<use Figures/chapter1/fig_frames.pdf>
Package pdftex.def Info: Figures/chapter1/fig_frames.pdf  used on input line 24
0.
(pdftex.def)             Requested size: 718.49364pt x 284.40382pt.

LaTeX Warning: `h' float specifier changed to `ht'.

[7] [8 <./Figures/chapter1/fig_coordinates_new.pdf> <./Figures/chapter1/fig_fra
mes.pdf, page is rotated 90 degrees>]) (./02_datasamples.tex [9]

LaTeX Warning: `h' float specifier changed to `ht'.

[10] [11]
<Figures/chapter2/efficiency_vs_ptmuon.pdf, id=351, 535.30692pt x 351.07863pt>
File: Figures/chapter2/efficiency_vs_ptmuon.pdf Graphic file (type pdf)
<use Figures/chapter2/efficiency_vs_ptmuon.pdf>
Package pdftex.def Info: Figures/chapter2/efficiency_vs_ptmuon.pdf  used on inp
ut line 154.
(pdftex.def)             Requested size: 258.75pt x 169.70508pt.
 [12 <./Figures/chapter2/efficiency_vs_ptmuon.pdf>]
Overfull \hbox (3.60947pt too wide) in paragraph at lines 192--193
[]$\OML/cmm/m/it/10  []$ \OT1/cmr/m/n/10 mass re-gion: 3.57--3.81 GeV; LSB: 3.4
--3.52 GeV; RSB: 3.82--4.0 GeV. 
 []

<Figures/chapter2/2D_map_ctau_vs_mass_jpsi_2018.pdf, id=371, 519.35933pt x 500.
80803pt>
File: Figures/chapter2/2D_map_ctau_vs_mass_jpsi_2018.pdf Graphic file (type pdf
)
<use Figures/chapter2/2D_map_ctau_vs_mass_jpsi_2018.pdf>
Package pdftex.def Info: Figures/chapter2/2D_map_ctau_vs_mass_jpsi_2018.pdf  us
ed on input line 206.
(pdftex.def)             Requested size: 155.24895pt x 149.701pt.
<Figures/chapter2/2D_map_ctau_vs_mass_psip_2018.pdf, id=372, 515.71773pt x 501.
45543pt>
File: Figures/chapter2/2D_map_ctau_vs_mass_psip_2018.pdf Graphic file (type pdf
)
<use Figures/chapter2/2D_map_ctau_vs_mass_psip_2018.pdf>
Package pdftex.def Info: Figures/chapter2/2D_map_ctau_vs_mass_psip_2018.pdf  us
ed on input line 207.
(pdftex.def)             Requested size: 155.24895pt x 150.95808pt.
[13 <./Figures/chapter2/2D_map_ctau_vs_mass_jpsi_2018.pdf> <./Figures/chapter2/
2D_map_ctau_vs_mass_psip_2018.pdf>] [14]
Overfull \hbox (78.03796pt too wide) in paragraph at lines 266--294
 [][] 
 []

[15]
<Figures/chapter2/m_scale2.pdf, id=444, 571.99599pt x 545.10548pt>
File: Figures/chapter2/m_scale2.pdf Graphic file (type pdf)
<use Figures/chapter2/m_scale2.pdf>
Package pdftex.def Info: Figures/chapter2/m_scale2.pdf  used on input line 344.

(pdftex.def)             Requested size: 167.32521pt x 159.45726pt.
<Figures/chapter2/pt_all2.pdf, id=445, 560.79213pt x 548.46605pt>
File: Figures/chapter2/pt_all2.pdf Graphic file (type pdf)
<use Figures/chapter2/pt_all2.pdf>
Package pdftex.def Info: Figures/chapter2/pt_all2.pdf  used on input line 345.
(pdftex.def)             Requested size: 163.8771pt x 160.27293pt.


LaTeX Warning: `h' float specifier changed to `ht'.

[16]
<Figures/chapter2/y_all2.pdf, id=454, 548.46605pt x 543.98434pt>
File: Figures/chapter2/y_all2.pdf Graphic file (type pdf)
<use Figures/chapter2/y_all2.pdf>
Package pdftex.def Info: Figures/chapter2/y_all2.pdf  used on input line 385.
(pdftex.def)             Requested size: 162.15042pt x 160.8226pt.
<Figures/chapter2/y_scale2.pdf, id=455, 554.62909pt x 542.30406pt>
File: Figures/chapter2/y_scale2.pdf Graphic file (type pdf)
<use Figures/chapter2/y_scale2.pdf>
Package pdftex.def Info: Figures/chapter2/y_scale2.pdf  used on input line 386.

(pdftex.def)             Requested size: 162.15042pt x 158.54675pt.
<Figures/chapter2/lt_all2.pdf, id=456, 552.9488pt x 542.86414pt>
File: Figures/chapter2/lt_all2.pdf Graphic file (type pdf)
<use Figures/chapter2/lt_all2.pdf>
Package pdftex.def Info: Figures/chapter2/lt_all2.pdf  used on input line 397.
(pdftex.def)             Requested size: 162.15042pt x 159.19093pt.
<Figures/chapter2/lt_scale2.pdf, id=457, 554.62909pt x 542.86414pt>
File: Figures/chapter2/lt_scale2.pdf Graphic file (type pdf)
<use Figures/chapter2/lt_scale2.pdf>
Package pdftex.def Info: Figures/chapter2/lt_scale2.pdf  used on input line 398
.
(pdftex.def)             Requested size: 162.15042pt x 158.7105pt.
<Figures/chapter2/m_scale_psip.pdf, id=460, 569.12625pt x 555.07375pt>
File: Figures/chapter2/m_scale_psip.pdf Graphic file (type pdf)
<use Figures/chapter2/m_scale_psip.pdf>
Package pdftex.def Info: Figures/chapter2/m_scale_psip.pdf  used on input line 
423.
(pdftex.def)             Requested size: 167.32521pt x 163.1948pt.
<Figures/chapter2/pt_all_psip.pdf, id=461, 569.12625pt x 555.07375pt>
File: Figures/chapter2/pt_all_psip.pdf Graphic file (type pdf)
<use Figures/chapter2/pt_all_psip.pdf>
Package pdftex.def Info: Figures/chapter2/pt_all_psip.pdf  used on input line 4
24.
(pdftex.def)             Requested size: 163.8771pt x 159.8323pt.
<Figures/chapter2/y_all_psip.pdf, id=462, 569.12625pt x 555.07375pt>
File: Figures/chapter2/y_all_psip.pdf Graphic file (type pdf)
<use Figures/chapter2/y_all_psip.pdf>
Package pdftex.def Info: Figures/chapter2/y_all_psip.pdf  used on input line 43
6.
(pdftex.def)             Requested size: 155.24895pt x 151.41339pt.
<Figures/chapter2/y_scale_psip.pdf, id=463, 569.12625pt x 555.07375pt>
File: Figures/chapter2/y_scale_psip.pdf Graphic file (type pdf)
<use Figures/chapter2/y_scale_psip.pdf>
Package pdftex.def Info: Figures/chapter2/y_scale_psip.pdf  used on input line 
437.
(pdftex.def)             Requested size: 155.24895pt x 151.41339pt.


LaTeX Warning: `!h' float specifier changed to `!ht'.

) (./03_overview.tex [17 <./Figures/chapter2/m_scale2.pdf> <./Figures/chapter2/
pt_all2.pdf>] [18 <./Figures/chapter2/y_all2.pdf> <./Figures/chapter2/y_scale2.
pdf> <./Figures/chapter2/lt_all2.pdf> <./Figures/chapter2/lt_scale2.pdf>]
<Figures/chapter3/data_2d_plot.pdf, id=608, 569.12625pt x 555.07375pt>
File: Figures/chapter3/data_2d_plot.pdf Graphic file (type pdf)
<use Figures/chapter3/data_2d_plot.pdf>
Package pdftex.def Info: Figures/chapter3/data_2d_plot.pdf  used on input line 
27.
(pdftex.def)             Requested size: 165.59853pt x 161.50932pt.
<Figures/chapter3/mc_2d_plot.pdf, id=609, 569.12625pt x 555.07375pt>
File: Figures/chapter3/mc_2d_plot.pdf Graphic file (type pdf)
<use Figures/chapter3/mc_2d_plot.pdf>
Package pdftex.def Info: Figures/chapter3/mc_2d_plot.pdf  used on input line 28
.
(pdftex.def)             Requested size: 165.59853pt x 161.50932pt.


LaTeX Warning: `h' float specifier changed to `ht'.

[19 <./Figures/chapter2/m_scale_psip.pdf, page is rotated 90 degrees> <./Figure
s/chapter2/pt_all_psip.pdf, page is rotated 90 degrees> <./Figures/chapter2/y_a
ll_psip.pdf, page is rotated 90 degrees> <./Figures/chapter2/y_scale_psip.pdf, 
page is rotated 90 degrees>]
<Figures/chapter3/cos_MC2.pdf, id=791, 560.79213pt x 543.98434pt>
File: Figures/chapter3/cos_MC2.pdf Graphic file (type pdf)
<use Figures/chapter3/cos_MC2.pdf>
Package pdftex.def Info: Figures/chapter3/cos_MC2.pdf  used on input line 51.
(pdftex.def)             Requested size: 155.24895pt x 150.59636pt.
<Figures/chapter3/ratio_Peak.pdf, id=794, 569.12625pt x 555.07375pt>
File: Figures/chapter3/ratio_Peak.pdf Graphic file (type pdf)
<use Figures/chapter3/ratio_Peak.pdf>
Package pdftex.def Info: Figures/chapter3/ratio_Peak.pdf  used on input line 80
.
(pdftex.def)             Requested size: 165.59853pt x 161.50932pt.


LaTeX Warning: `h' float specifier changed to `ht'.

[20 <./Figures/chapter3/data_2d_plot.pdf, page is rotated 90 degrees> <./Figure
s/chapter3/mc_2d_plot.pdf, page is rotated 90 degrees>]
<Figures/chapter3/data_2d_plot_psip.pdf, id=891, 569.12625pt x 555.07375pt>
File: Figures/chapter3/data_2d_plot_psip.pdf Graphic file (type pdf)
<use Figures/chapter3/data_2d_plot_psip.pdf>
Package pdftex.def Info: Figures/chapter3/data_2d_plot_psip.pdf  used on input 
line 94.
(pdftex.def)             Requested size: 165.59853pt x 161.50932pt.
<Figures/chapter3/mc_2d_plot_psip.pdf, id=892, 569.12625pt x 555.07375pt>
File: Figures/chapter3/mc_2d_plot_psip.pdf Graphic file (type pdf)
<use Figures/chapter3/mc_2d_plot_psip.pdf>
Package pdftex.def Info: Figures/chapter3/mc_2d_plot_psip.pdf  used on input li
ne 95.
(pdftex.def)             Requested size: 165.59853pt x 161.50932pt.
<Figures/chapter3/ratio_Peak_psip.pdf, id=893, 569.12625pt x 555.07375pt>
File: Figures/chapter3/ratio_Peak_psip.pdf Graphic file (type pdf)
<use Figures/chapter3/ratio_Peak_psip.pdf>
Package pdftex.def Info: Figures/chapter3/ratio_Peak_psip.pdf  used on input li
ne 96.
(pdftex.def)             Requested size: 165.59853pt x 161.50932pt.
 [21 <./Figures/chapter3/cos_MC2.pdf>]
<Figures/chapter3/cos_full2.pdf, id=920, 561.35222pt x 542.86414pt>
File: Figures/chapter3/cos_full2.pdf Graphic file (type pdf)
<use Figures/chapter3/cos_full2.pdf>
Package pdftex.def Info: Figures/chapter3/cos_full2.pdf  used on input line 121
.
(pdftex.def)             Requested size: 165.59853pt x 160.14352pt.


LaTeX Warning: `h' float specifier changed to `ht'.

[22 <./Figures/chapter3/ratio_Peak.pdf, page is rotated 90 degrees>]
<Figures/chapter3/bin2B_7.pdf, id=970, 569.12625pt x 551.05875pt>
File: Figures/chapter3/bin2B_7.pdf Graphic file (type pdf)
<use Figures/chapter3/bin2B_7.pdf>
Package pdftex.def Info: Figures/chapter3/bin2B_7.pdf  used on input line 154.
(pdftex.def)             Requested size: 165.59853pt x 160.34108pt.
<Figures/chapter3/bin2F_7.pdf, id=971, 569.12625pt x 551.05875pt>
File: Figures/chapter3/bin2F_7.pdf Graphic file (type pdf)
<use Figures/chapter3/bin2F_7.pdf>
Package pdftex.def Info: Figures/chapter3/bin2F_7.pdf  used on input line 155.
(pdftex.def)             Requested size: 165.59853pt x 160.34108pt.

Underfull \hbox (badness 1762) in paragraph at lines 159--159
[]\OT1/cmr/m/n/10 Figure 17: []Illustration of the anal-y-sis pro-ce-dure: the 
Peak and NP
 []

[23 <./Figures/chapter3/data_2d_plot_psip.pdf, page is rotated 90 degrees> <./F
igures/chapter3/mc_2d_plot_psip.pdf, page is rotated 90 degrees> <./Figures/cha
pter3/ratio_Peak_psip.pdf, page is rotated 90 degrees>]

LaTeX Warning: `h' float specifier changed to `ht'.

[24 <./Figures/chapter3/cos_full2.pdf>]
<Figures/chapter3/lth2_17.pdf, id=1131, 569.12625pt x 551.05875pt>
File: Figures/chapter3/lth2_17.pdf Graphic file (type pdf)
<use Figures/chapter3/lth2_17.pdf>
Package pdftex.def Info: Figures/chapter3/lth2_17.pdf  used on input line 167.
(pdftex.def)             Requested size: 165.59853pt x 160.34108pt.
<Figures/chapter3/lth2_18.pdf, id=1132, 569.12625pt x 551.05875pt>
File: Figures/chapter3/lth2_18.pdf Graphic file (type pdf)
<use Figures/chapter3/lth2_18.pdf>
Package pdftex.def Info: Figures/chapter3/lth2_18.pdf  used on input line 168.
(pdftex.def)             Requested size: 165.59853pt x 160.34108pt.
 [25 <./Figures/chapter3/bin2B_7.pdf, page is rotated 90 degrees> <./Figures/ch
apter3/bin2F_7.pdf, page is rotated 90 degrees>]
Overfull \hbox (42.35754pt too wide) detected at line 248
[]
 []

[26 <./Figures/chapter3/lth2_17.pdf, page is rotated 90 degrees> <./Figures/cha
pter3/lth2_18.pdf, page is rotated 90 degrees>] [27]
<Figures/chapter3/mass_continuum_background.pdf, id=1327, 513.17221pt x 513.172
21pt>
File: Figures/chapter3/mass_continuum_background.pdf Graphic file (type pdf)
<use Figures/chapter3/mass_continuum_background.pdf>
Package pdftex.def Info: Figures/chapter3/mass_continuum_background.pdf  used o
n input line 285.
(pdftex.def)             Requested size: 165.59853pt x 165.5966pt.
<Figures/chapter3/ltfit2.pdf, id=1328, 554.06902pt x 537.93973pt>
File: Figures/chapter3/ltfit2.pdf Graphic file (type pdf)
<use Figures/chapter3/ltfit2.pdf>
Package pdftex.def Info: Figures/chapter3/ltfit2.pdf  used on input line 286.
(pdftex.def)             Requested size: 165.59853pt x 160.77574pt.
 [28 <./Figures/chapter3/mass_continuum_background.pdf> <./Figures/chapter3/ltf
it2.pdf>]
Overfull \hbox (78.03796pt too wide) in paragraph at lines 320--335
 [][] 
 []

) (./04_mass_lifetime.tex [29] [30]
<Figures/chapter4/par_tbkg-jpsi.pdf, id=1398, 569.12625pt x 555.07375pt>
File: Figures/chapter4/par_tbkg-jpsi.pdf Graphic file (type pdf)
<use Figures/chapter4/par_tbkg-jpsi.pdf>
Package pdftex.def Info: Figures/chapter4/par_tbkg-jpsi.pdf  used on input line
 99.
(pdftex.def)             Requested size: 165.59853pt x 161.50932pt.
<Figures/chapter4/par_tbkg-psip.pdf, id=1399, 569.12625pt x 555.07375pt>
File: Figures/chapter4/par_tbkg-psip.pdf Graphic file (type pdf)
<use Figures/chapter4/par_tbkg-psip.pdf>
Package pdftex.def Info: Figures/chapter4/par_tbkg-psip.pdf  used on input line
 100.
(pdftex.def)             Requested size: 165.59853pt x 161.50932pt.
 [31 <./Figures/chapter4/par_tbkg-jpsi.pdf, page is rotated 90 degrees> <./Figu
res/chapter4/par_tbkg-psip.pdf, page is rotated 90 degrees>]
<Figures/chapter4/Mfit_pt4.pdf, id=1494, 569.12625pt x 551.05875pt>
File: Figures/chapter4/Mfit_pt4.pdf Graphic file (type pdf)
<use Figures/chapter4/Mfit_pt4.pdf>
Package pdftex.def Info: Figures/chapter4/Mfit_pt4.pdf  used on input line 114.

(pdftex.def)             Requested size: 155.24895pt x 150.31818pt.
<Figures/chapter4/Mfit_pt14.pdf, id=1495, 569.12625pt x 551.05875pt>
File: Figures/chapter4/Mfit_pt14.pdf Graphic file (type pdf)
<use Figures/chapter4/Mfit_pt14.pdf>
Package pdftex.def Info: Figures/chapter4/Mfit_pt14.pdf  used on input line 115
.
(pdftex.def)             Requested size: 155.24895pt x 150.31818pt.
<Figures/chapter4/Mpulls_pt4.pdf, id=1496, 569.12625pt x 551.05875pt>
File: Figures/chapter4/Mpulls_pt4.pdf Graphic file (type pdf)
<use Figures/chapter4/Mpulls_pt4.pdf>
Package pdftex.def Info: Figures/chapter4/Mpulls_pt4.pdf  used on input line 11
6.
(pdftex.def)             Requested size: 155.24895pt x 150.31818pt.
<Figures/chapter4/Mpulls_pt14.pdf, id=1497, 569.12625pt x 551.05875pt>
File: Figures/chapter4/Mpulls_pt14.pdf Graphic file (type pdf)
<use Figures/chapter4/Mpulls_pt14.pdf>
Package pdftex.def Info: Figures/chapter4/Mpulls_pt14.pdf  used on input line 1
17.
(pdftex.def)             Requested size: 155.24895pt x 150.31818pt.
 [32 <./Figures/chapter4/Mfit_pt4.pdf, page is rotated 90 degrees> <./Figures/c
hapter4/Mfit_pt14.pdf, page is rotated 90 degrees> <./Figures/chapter4/Mpulls_p
t4.pdf, page is rotated 90 degrees> <./Figures/chapter4/Mpulls_pt14.pdf, page i
s rotated 90 degrees>]
<Figures/chapter4/Pfit_pt2.pdf, id=1678, 569.12625pt x 551.05875pt>
File: Figures/chapter4/Pfit_pt2.pdf Graphic file (type pdf)
<use Figures/chapter4/Pfit_pt2.pdf>
Package pdftex.def Info: Figures/chapter4/Pfit_pt2.pdf  used on input line 130.

(pdftex.def)             Requested size: 113.85063pt x 110.23502pt.
<Figures/chapter4/Pfit_pt5.pdf, id=1679, 569.12625pt x 551.05875pt>
File: Figures/chapter4/Pfit_pt5.pdf Graphic file (type pdf)
<use Figures/chapter4/Pfit_pt5.pdf>
Package pdftex.def Info: Figures/chapter4/Pfit_pt5.pdf  used on input line 131.

(pdftex.def)             Requested size: 113.85063pt x 110.23502pt.
<Figures/chapter4/Ppulls_pt2.pdf, id=1680, 569.12625pt x 551.05875pt>
File: Figures/chapter4/Ppulls_pt2.pdf Graphic file (type pdf)
<use Figures/chapter4/Ppulls_pt2.pdf>
Package pdftex.def Info: Figures/chapter4/Ppulls_pt2.pdf  used on input line 13
2.
(pdftex.def)             Requested size: 113.85063pt x 110.23502pt.
<Figures/chapter4/Ppulls_pt5.pdf, id=1681, 569.12625pt x 551.05875pt>
File: Figures/chapter4/Ppulls_pt5.pdf Graphic file (type pdf)
<use Figures/chapter4/Ppulls_pt5.pdf>
Package pdftex.def Info: Figures/chapter4/Ppulls_pt5.pdf  used on input line 13
3.
(pdftex.def)             Requested size: 113.85063pt x 110.23502pt.
<Figures/chapter4/Nfit_pt2.pdf, id=1682, 569.12625pt x 551.05875pt>
File: Figures/chapter4/Nfit_pt2.pdf Graphic file (type pdf)
<use Figures/chapter4/Nfit_pt2.pdf>
Package pdftex.def Info: Figures/chapter4/Nfit_pt2.pdf  used on input line 141.

(pdftex.def)             Requested size: 103.50105pt x 100.21211pt.
<Figures/chapter4/Nfit_pt5.pdf, id=1683, 569.12625pt x 551.05875pt>
File: Figures/chapter4/Nfit_pt5.pdf Graphic file (type pdf)
<use Figures/chapter4/Nfit_pt5.pdf>
Package pdftex.def Info: Figures/chapter4/Nfit_pt5.pdf  used on input line 142.

(pdftex.def)             Requested size: 103.50105pt x 100.21211pt.
<Figures/chapter4/Npulls_pt2.pdf, id=1684, 569.12625pt x 551.05875pt>
File: Figures/chapter4/Npulls_pt2.pdf Graphic file (type pdf)
<use Figures/chapter4/Npulls_pt2.pdf>
Package pdftex.def Info: Figures/chapter4/Npulls_pt2.pdf  used on input line 14
3.
(pdftex.def)             Requested size: 103.50105pt x 100.21211pt.
<Figures/chapter4/Npulls_pt5.pdf, id=1685, 569.12625pt x 551.05875pt>
File: Figures/chapter4/Npulls_pt5.pdf Graphic file (type pdf)
<use Figures/chapter4/Npulls_pt5.pdf>
Package pdftex.def Info: Figures/chapter4/Npulls_pt5.pdf  used on input line 14
4.
(pdftex.def)             Requested size: 103.50105pt x 100.21211pt.
 [33 <./Figures/chapter4/Pfit_pt2.pdf, page is rotated 90 degrees> <./Figures/c
hapter4/Pfit_pt5.pdf, page is rotated 90 degrees> <./Figures/chapter4/Ppulls_pt
2.pdf, page is rotated 90 degrees> <./Figures/chapter4/Ppulls_pt5.pdf, page is 
rotated 90 degrees> <./Figures/chapter4/Nfit_pt2.pdf, page is rotated 90 degree
s> <./Figures/chapter4/Nfit_pt5.pdf, page is rotated 90 degrees> <./Figures/cha
pter4/Npulls_pt2.pdf, page is rotated 90 degrees> <./Figures/chapter4/Npulls_pt
5.pdf, page is rotated 90 degrees>]
<Figures/chapter4/fBG_unc_jpsi.pdf, id=2038, 569.12625pt x 555.07375pt>
File: Figures/chapter4/fBG_unc_jpsi.pdf Graphic file (type pdf)
<use Figures/chapter4/fBG_unc_jpsi.pdf>
Package pdftex.def Info: Figures/chapter4/fBG_unc_jpsi.pdf  used on input line 
161.
(pdftex.def)             Requested size: 137.9979pt x 134.59251pt.
<Figures/chapter4/fBGNP_unc_jpsi.pdf, id=2039, 569.12625pt x 555.07375pt>
File: Figures/chapter4/fBGNP_unc_jpsi.pdf Graphic file (type pdf)
<use Figures/chapter4/fBGNP_unc_jpsi.pdf>
Package pdftex.def Info: Figures/chapter4/fBGNP_unc_jpsi.pdf  used on input lin
e 162.
(pdftex.def)             Requested size: 137.9979pt x 134.59251pt.
<Figures/chapter4/fBG_unc_psip.pdf, id=2040, 569.12625pt x 555.07375pt>
File: Figures/chapter4/fBG_unc_psip.pdf Graphic file (type pdf)
<use Figures/chapter4/fBG_unc_psip.pdf>
Package pdftex.def Info: Figures/chapter4/fBG_unc_psip.pdf  used on input line 
163.
(pdftex.def)             Requested size: 137.9979pt x 134.59251pt.
<Figures/chapter4/fBGNP_unc_psip.pdf, id=2041, 569.12625pt x 555.07375pt>
File: Figures/chapter4/fBGNP_unc_psip.pdf Graphic file (type pdf)
<use Figures/chapter4/fBGNP_unc_psip.pdf>
Package pdftex.def Info: Figures/chapter4/fBGNP_unc_psip.pdf  used on input lin
e 164.
(pdftex.def)             Requested size: 137.9979pt x 134.59251pt.

[34 <./Figures/chapter4/fBG_unc_jpsi.pdf, page is rotated 90 degrees> <./Figure
s/chapter4/fBGNP_unc_jpsi.pdf, page is rotated 90 degrees> <./Figures/chapter4/
fBG_unc_psip.pdf, page is rotated 90 degrees> <./Figures/chapter4/fBGNP_unc_psi
p.pdf, page is rotated 90 degrees>]
<Figures/chapter4/parf_mu.pdf, id=2220, 557.99065pt x 500.84717pt>
File: Figures/chapter4/parf_mu.pdf Graphic file (type pdf)
<use Figures/chapter4/parf_mu.pdf>
Package pdftex.def Info: Figures/chapter4/parf_mu.pdf  used on input line 219.
(pdftex.def)             Requested size: 155.24895pt x 139.34975pt.
<Figures/chapter4/parB_sig1.pdf, id=2221, 571.13374pt x 506.89375pt>
File: Figures/chapter4/parB_sig1.pdf Graphic file (type pdf)
<use Figures/chapter4/parB_sig1.pdf>
Package pdftex.def Info: Figures/chapter4/parB_sig1.pdf  used on input line 220
.
(pdftex.def)             Requested size: 155.24895pt x 137.78355pt.
 [35]
<Figures/chapter4/parB_lambda.pdf, id=2232, 572.1375pt x 504.88625pt>
File: Figures/chapter4/parB_lambda.pdf Graphic file (type pdf)
<use Figures/chapter4/parB_lambda.pdf>
Package pdftex.def Info: Figures/chapter4/parB_lambda.pdf  used on input line 2
56.
(pdftex.def)             Requested size: 155.24895pt x 136.99904pt.


LaTeX Warning: `h' float specifier changed to `ht'.

<Figures/chapter4/parB_sig1-psip.pdf, id=2234, 572.0317pt x 504.91464pt>
File: Figures/chapter4/parB_sig1-psip.pdf Graphic file (type pdf)
<use Figures/chapter4/parB_sig1-psip.pdf>
Package pdftex.def Info: Figures/chapter4/parB_sig1-psip.pdf  used on input lin
e 268.
(pdftex.def)             Requested size: 155.24895pt x 137.02986pt.
<Figures/chapter4/parB_lambda-psip.pdf, id=2235, 566.29327pt x 507.0311pt>
File: Figures/chapter4/parB_lambda-psip.pdf Graphic file (type pdf)
<use Figures/chapter4/parB_lambda-psip.pdf>
Package pdftex.def Info: Figures/chapter4/parB_lambda-psip.pdf  used on input l
ine 269.
(pdftex.def)             Requested size: 155.24895pt x 139.0046pt.

LaTeX Warning: `h' float specifier changed to `ht'.

[36]
<Figures/chapter4/ltfit_pt4.pdf, id=2244, 569.12625pt x 551.05875pt>
File: Figures/chapter4/ltfit_pt4.pdf Graphic file (type pdf)
<use Figures/chapter4/ltfit_pt4.pdf>
Package pdftex.def Info: Figures/chapter4/ltfit_pt4.pdf  used on input line 290
.
(pdftex.def)             Requested size: 155.24895pt x 150.31818pt.
<Figures/chapter4/ltfit_pt14.pdf, id=2245, 569.12625pt x 551.05875pt>
File: Figures/chapter4/ltfit_pt14.pdf Graphic file (type pdf)
<use Figures/chapter4/ltfit_pt14.pdf>
Package pdftex.def Info: Figures/chapter4/ltfit_pt14.pdf  used on input line 29
1.
(pdftex.def)             Requested size: 155.24895pt x 150.31818pt.
<Figures/chapter4/ltpulls_pt4.pdf, id=2246, 569.12625pt x 551.05875pt>
File: Figures/chapter4/ltpulls_pt4.pdf Graphic file (type pdf)
<use Figures/chapter4/ltpulls_pt4.pdf>
Package pdftex.def Info: Figures/chapter4/ltpulls_pt4.pdf  used on input line 2
92.
(pdftex.def)             Requested size: 155.24895pt x 150.31818pt.
<Figures/chapter4/ltpulls_pt14.pdf, id=2247, 569.12625pt x 551.05875pt>
File: Figures/chapter4/ltpulls_pt14.pdf Graphic file (type pdf)
<use Figures/chapter4/ltpulls_pt14.pdf>
Package pdftex.def Info: Figures/chapter4/ltpulls_pt14.pdf  used on input line 
293.
(pdftex.def)             Requested size: 155.24895pt x 150.31818pt.
<Figures/chapter4/ltfit_psip_pt2.pdf, id=2248, 569.12625pt x 551.05875pt>
File: Figures/chapter4/ltfit_psip_pt2.pdf Graphic file (type pdf)
<use Figures/chapter4/ltfit_psip_pt2.pdf>
Package pdftex.def Info: Figures/chapter4/ltfit_psip_pt2.pdf  used on input lin
e 305.
(pdftex.def)             Requested size: 155.24895pt x 150.31818pt.
<Figures/chapter4/ltfit_psip_pt5.pdf, id=2249, 569.12625pt x 551.05875pt>
File: Figures/chapter4/ltfit_psip_pt5.pdf Graphic file (type pdf)
<use Figures/chapter4/ltfit_psip_pt5.pdf>
Package pdftex.def Info: Figures/chapter4/ltfit_psip_pt5.pdf  used on input lin
e 306.
(pdftex.def)             Requested size: 155.24895pt x 150.31818pt.
<Figures/chapter4/pulls_ltfit_psip_pt2.pdf, id=2250, 569.12625pt x 551.05875pt>

File: Figures/chapter4/pulls_ltfit_psip_pt2.pdf Graphic file (type pdf)
<use Figures/chapter4/pulls_ltfit_psip_pt2.pdf>
Package pdftex.def Info: Figures/chapter4/pulls_ltfit_psip_pt2.pdf  used on inp
ut line 307.
(pdftex.def)             Requested size: 155.24895pt x 150.31818pt.
<Figures/chapter4/pulls_ltfit_psip_pt5.pdf, id=2251, 569.12625pt x 551.05875pt>

File: Figures/chapter4/pulls_ltfit_psip_pt5.pdf Graphic file (type pdf)
<use Figures/chapter4/pulls_ltfit_psip_pt5.pdf>
Package pdftex.def Info: Figures/chapter4/pulls_ltfit_psip_pt5.pdf  used on inp
ut line 308.
(pdftex.def)             Requested size: 155.24895pt x 150.31818pt.
 [37]
<Figures/chapter4/fNP-jpsi.pdf, id=2260, 571.10385pt x 501.81894pt>
File: Figures/chapter4/fNP-jpsi.pdf Graphic file (type pdf)
<use Figures/chapter4/fNP-jpsi.pdf>
Package pdftex.def Info: Figures/chapter4/fNP-jpsi.pdf  used on input line 332.

(pdftex.def)             Requested size: 165.59853pt x 145.50844pt.
<Figures/chapter4/fNP-psip.pdf, id=2261, 569.16301pt x 500.25793pt>
File: Figures/chapter4/fNP-psip.pdf Graphic file (type pdf)
<use Figures/chapter4/fNP-psip.pdf>
Package pdftex.def Info: Figures/chapter4/fNP-psip.pdf  used on input line 333.

(pdftex.def)             Requested size: 165.59853pt x 145.54434pt.


LaTeX Warning: `h' float specifier changed to `ht'.

<Figures/chapter4/f_comp_corr-jpsi.pdf, id=2263, 569.12625pt x 555.07375pt>
File: Figures/chapter4/f_comp_corr-jpsi.pdf Graphic file (type pdf)
<use Figures/chapter4/f_comp_corr-jpsi.pdf>
Package pdftex.def Info: Figures/chapter4/f_comp_corr-jpsi.pdf  used on input l
ine 346.
(pdftex.def)             Requested size: 165.59853pt x 161.50932pt.
<Figures/chapter4/f_comp_corr-psip.pdf, id=2264, 569.12625pt x 555.07375pt>
File: Figures/chapter4/f_comp_corr-psip.pdf Graphic file (type pdf)
<use Figures/chapter4/f_comp_corr-psip.pdf>
Package pdftex.def Info: Figures/chapter4/f_comp_corr-psip.pdf  used on input l
ine 347.
(pdftex.def)             Requested size: 165.59853pt x 161.50932pt.

LaTeX Warning: `h' float specifier changed to `ht'.

[38]
<Figures/chapter4/fitcomp_fSB.pdf, id=2272, 569.12625pt x 555.07375pt>
File: Figures/chapter4/fitcomp_fSB.pdf Graphic file (type pdf)
<use Figures/chapter4/fitcomp_fSB.pdf>
Package pdftex.def Info: Figures/chapter4/fitcomp_fSB.pdf  used on input line 3
67.
(pdftex.def)             Requested size: 165.59853pt x 161.50932pt.
<Figures/chapter4/fitcomp_fNP.pdf, id=2273, 569.12625pt x 555.07375pt>
File: Figures/chapter4/fitcomp_fNP.pdf Graphic file (type pdf)
<use Figures/chapter4/fitcomp_fNP.pdf>
Package pdftex.def Info: Figures/chapter4/fitcomp_fNP.pdf  used on input line 3
68.
(pdftex.def)             Requested size: 165.59853pt x 161.50932pt.


LaTeX Warning: `h' float specifier changed to `ht'.

) (./05_polarizations.tex
Overfull \hbox (40.2458pt too wide) in paragraph at lines 9--14
\OT1/cmr/m/n/10 (\OMS/cmsy/m/n/10 j [] \OML/cmm/m/it/10 ^^R\OMS/cmsy/m/n/10 j\O
ML/cmm/m/it/10 ; p[]\OT1/cmr/m/n/10 )$ 2D dis-tri-bu-tions of the back-ground t
erms, $[](\OMS/cmsy/m/n/10 j [] \OML/cmm/m/it/10 ^^R\OMS/cmsy/m/n/10 j\OML/cmm/
m/it/10 ; p[]\OT1/cmr/m/n/10 )$ and $[](\OMS/cmsy/m/n/10 j [] \OML/cmm/m/it/10 
^^R\OMS/cmsy/m/n/10 j\OML/cmm/m/it/10 ; p[]\OT1/cmr/m/n/10 )$. 
 []

[39]
<Figures/chapter5/SB_base_full_4-jpsiPR.pdf, id=2287, 569.12625pt x 555.07375pt
>
File: Figures/chapter5/SB_base_full_4-jpsiPR.pdf Graphic file (type pdf)
<use Figures/chapter5/SB_base_full_4-jpsiPR.pdf>
Package pdftex.def Info: Figures/chapter5/SB_base_full_4-jpsiPR.pdf  used on in
put line 58.
(pdftex.def)             Requested size: 103.50105pt x 100.94226pt.
<Figures/chapter5/SB_base_full_14-jpsiPR.pdf, id=2288, 569.12625pt x 555.07375p
t>
File: Figures/chapter5/SB_base_full_14-jpsiPR.pdf Graphic file (type pdf)
<use Figures/chapter5/SB_base_full_14-jpsiPR.pdf>
Package pdftex.def Info: Figures/chapter5/SB_base_full_14-jpsiPR.pdf  used on i
nput line 59.
(pdftex.def)             Requested size: 103.50105pt x 100.94226pt.
<Figures/chapter5/SB_base_full_4-jpsiNP.pdf, id=2289, 569.12625pt x 555.07375pt
>
File: Figures/chapter5/SB_base_full_4-jpsiNP.pdf Graphic file (type pdf)
<use Figures/chapter5/SB_base_full_4-jpsiNP.pdf>
Package pdftex.def Info: Figures/chapter5/SB_base_full_4-jpsiNP.pdf  used on in
put line 60.
(pdftex.def)             Requested size: 103.50105pt x 100.94226pt.
<Figures/chapter5/SB_base_full_14-jpsiNP.pdf, id=2290, 569.12625pt x 555.07375p
t>
File: Figures/chapter5/SB_base_full_14-jpsiNP.pdf Graphic file (type pdf)
<use Figures/chapter5/SB_base_full_14-jpsiNP.pdf>
Package pdftex.def Info: Figures/chapter5/SB_base_full_14-jpsiNP.pdf  used on i
nput line 61.
(pdftex.def)             Requested size: 103.50105pt x 100.94226pt.
<Figures/chapter5/SB_base_full_2-psipPR.pdf, id=2291, 569.12625pt x 555.07375pt
>
File: Figures/chapter5/SB_base_full_2-psipPR.pdf Graphic file (type pdf)
<use Figures/chapter5/SB_base_full_2-psipPR.pdf>
Package pdftex.def Info: Figures/chapter5/SB_base_full_2-psipPR.pdf  used on in
put line 69.
(pdftex.def)             Requested size: 103.50105pt x 100.94226pt.
<Figures/chapter5/SB_base_full_5-psipPR.pdf, id=2292, 569.12625pt x 555.07375pt
>
File: Figures/chapter5/SB_base_full_5-psipPR.pdf Graphic file (type pdf)
<use Figures/chapter5/SB_base_full_5-psipPR.pdf>
Package pdftex.def Info: Figures/chapter5/SB_base_full_5-psipPR.pdf  used on in
put line 70.
(pdftex.def)             Requested size: 103.50105pt x 100.94226pt.
<Figures/chapter5/SB_base_full_2-psipNP.pdf, id=2293, 569.12625pt x 555.07375pt
>
File: Figures/chapter5/SB_base_full_2-psipNP.pdf Graphic file (type pdf)
<use Figures/chapter5/SB_base_full_2-psipNP.pdf>
Package pdftex.def Info: Figures/chapter5/SB_base_full_2-psipNP.pdf  used on in
put line 71.
(pdftex.def)             Requested size: 103.50105pt x 100.94226pt.
<Figures/chapter5/SB_base_full_5-psipNP.pdf, id=2294, 569.12625pt x 555.07375pt
>
File: Figures/chapter5/SB_base_full_5-psipNP.pdf Graphic file (type pdf)
<use Figures/chapter5/SB_base_full_5-psipNP.pdf>
Package pdftex.def Info: Figures/chapter5/SB_base_full_5-psipNP.pdf  used on in
put line 72.
(pdftex.def)             Requested size: 103.50105pt x 100.94226pt.


LaTeX Warning: `!h' float specifier changed to `!ht'.

[40]
<Figures/chapter5/bin1B_7-jpsiNP.pdf, id=2303, 569.12625pt x 551.05875pt>
File: Figures/chapter5/bin1B_7-jpsiNP.pdf Graphic file (type pdf)
<use Figures/chapter5/bin1B_7-jpsiNP.pdf>
Package pdftex.def Info: Figures/chapter5/bin1B_7-jpsiNP.pdf  used on input lin
e 99.
(pdftex.def)             Requested size: 137.9979pt x 133.61896pt.
<Figures/chapter5/bin1F_7-jpsiNP.pdf, id=2304, 569.12625pt x 551.05875pt>
File: Figures/chapter5/bin1F_7-jpsiNP.pdf Graphic file (type pdf)
<use Figures/chapter5/bin1F_7-jpsiNP.pdf>
Package pdftex.def Info: Figures/chapter5/bin1F_7-jpsiNP.pdf  used on input lin
e 100.
(pdftex.def)             Requested size: 137.9979pt x 133.61896pt.


LaTeX Warning: `h' float specifier changed to `ht'.

<Figures/chapter5/par_lth-jpsiNP.pdf, id=2306, 566.90488pt x 496.09119pt>
File: Figures/chapter5/par_lth-jpsiNP.pdf Graphic file (type pdf)
<use Figures/chapter5/par_lth-jpsiNP.pdf>
Package pdftex.def Info: Figures/chapter5/par_lth-jpsiNP.pdf  used on input lin
e 115.
(pdftex.def)             Requested size: 148.34747pt x 129.81332pt.
<Figures/chapter5/par_lth-psipNP.pdf, id=2307, 567.2368pt x 496.92723pt>
File: Figures/chapter5/par_lth-psipNP.pdf Graphic file (type pdf)
<use Figures/chapter5/par_lth-psipNP.pdf>
Package pdftex.def Info: Figures/chapter5/par_lth-psipNP.pdf  used on input lin
e 116.
(pdftex.def)             Requested size: 148.34747pt x 129.95627pt.

LaTeX Warning: `h' float specifier changed to `ht'.

[41]
<Figures/chapter5/bin3B_7-jpsiPR.pdf, id=2316, 569.12625pt x 551.05875pt>
File: Figures/chapter5/bin3B_7-jpsiPR.pdf Graphic file (type pdf)
<use Figures/chapter5/bin3B_7-jpsiPR.pdf>
Package pdftex.def Info: Figures/chapter5/bin3B_7-jpsiPR.pdf  used on input lin
e 147.
(pdftex.def)             Requested size: 165.59853pt x 160.34108pt.
<Figures/chapter5/bin3F_7-jpsiPR.pdf, id=2317, 569.12625pt x 551.05875pt>
File: Figures/chapter5/bin3F_7-jpsiPR.pdf Graphic file (type pdf)
<use Figures/chapter5/bin3F_7-jpsiPR.pdf>
Package pdftex.def Info: Figures/chapter5/bin3F_7-jpsiPR.pdf  used on input lin
e 148.
(pdftex.def)             Requested size: 165.59853pt x 160.34108pt.


LaTeX Warning: `h' float specifier changed to `ht'.

[42]
<Figures/chapter5/par_lth_terms-jpsiPR.pdf, id=2325, 565.42241pt x 495.80432pt>

File: Figures/chapter5/par_lth_terms-jpsiPR.pdf Graphic file (type pdf)
<use Figures/chapter5/par_lth_terms-jpsiPR.pdf>
Package pdftex.def Info: Figures/chapter5/par_lth_terms-jpsiPR.pdf  used on inp
ut line 170.
(pdftex.def)             Requested size: 165.59853pt x 145.20941pt.
<Figures/chapter5/par_lth_terms-psipPR.pdf, id=2326, 570.59573pt x 499.16588pt>

File: Figures/chapter5/par_lth_terms-psipPR.pdf Graphic file (type pdf)
<use Figures/chapter5/par_lth_terms-psipPR.pdf>
Package pdftex.def Info: Figures/chapter5/par_lth_terms-psipPR.pdf  used on inp
ut line 171.
(pdftex.def)             Requested size: 165.59853pt x 144.86102pt.


LaTeX Warning: `h' float specifier changed to `ht'.

<Figures/chapter5/par_lth_summary_statonly.pdf, id=2328, 569.12625pt x 551.0587
5pt>
File: Figures/chapter5/par_lth_summary_statonly.pdf Graphic file (type pdf)
<use Figures/chapter5/par_lth_summary_statonly.pdf>
Package pdftex.def Info: Figures/chapter5/par_lth_summary_statonly.pdf  used on
 input line 185.
(pdftex.def)             Requested size: 172.5pt x 167.0258pt.

LaTeX Warning: `h' float specifier changed to `ht'.

) (./06_systematics.tex
<Figures/chapter6/par_lth_years_unc-jpsi.pdf, id=2330, 569.12625pt x 551.05875p
t>
File: Figures/chapter6/par_lth_years_unc-jpsi.pdf Graphic file (type pdf)
<use Figures/chapter6/par_lth_years_unc-jpsi.pdf>
Package pdftex.def Info: Figures/chapter6/par_lth_years_unc-jpsi.pdf  used on i
nput line 30.
(pdftex.def)             Requested size: 165.59853pt x 160.34108pt.
<Figures/chapter6/par_lth_years_unc-psip.pdf, id=2331, 569.12625pt x 551.05875p
t>
File: Figures/chapter6/par_lth_years_unc-psip.pdf Graphic file (type pdf)
<use Figures/chapter6/par_lth_years_unc-psip.pdf>
Package pdftex.def Info: Figures/chapter6/par_lth_years_unc-psip.pdf  used on i
nput line 31.
(pdftex.def)             Requested size: 165.59853pt x 160.34108pt.


LaTeX Warning: `h' float specifier changed to `ht'.

[43]
<Figures/chapter6/lth_absDiff_M-jpsi.pdf, id=2341, 569.12625pt x 551.05875pt>
File: Figures/chapter6/lth_absDiff_M-jpsi.pdf Graphic file (type pdf)
<use Figures/chapter6/lth_absDiff_M-jpsi.pdf>
Package pdftex.def Info: Figures/chapter6/lth_absDiff_M-jpsi.pdf  used on input
 line 70.
(pdftex.def)             Requested size: 165.59853pt x 160.34108pt.
<Figures/chapter6/lth_absDiff_M-psip.pdf, id=2342, 569.12625pt x 551.05875pt>
File: Figures/chapter6/lth_absDiff_M-psip.pdf Graphic file (type pdf)
<use Figures/chapter6/lth_absDiff_M-psip.pdf>
Package pdftex.def Info: Figures/chapter6/lth_absDiff_M-psip.pdf  used on input
 line 71.
(pdftex.def)             Requested size: 165.59853pt x 160.34108pt.


LaTeX Warning: `h' float specifier changed to `ht'.

[44]
<Figures/chapter6/single_mu_effs_2015.pdf, id=2349, 436.56802pt x 414.8298pt>
File: Figures/chapter6/single_mu_effs_2015.pdf Graphic file (type pdf)
<use Figures/chapter6/single_mu_effs_2015.pdf>
Package pdftex.def Info: Figures/chapter6/single_mu_effs_2015.pdf  used on inpu
t line 93.
(pdftex.def)             Requested size: 189.75105pt x 180.30391pt.


LaTeX Warning: `h' float specifier changed to `ht'.

<Figures/chapter6/lth_absDiff_muEff-jpsi.pdf, id=2351, 527.59659pt x 499.53596p
t>
File: Figures/chapter6/lth_absDiff_muEff-jpsi.pdf Graphic file (type pdf)
<use Figures/chapter6/lth_absDiff_muEff-jpsi.pdf>
Package pdftex.def Info: Figures/chapter6/lth_absDiff_muEff-jpsi.pdf  used on i
nput line 132.
(pdftex.def)             Requested size: 148.34747pt x 140.45602pt.
<Figures/chapter6/lth_absDiff_muEff-psip.pdf, id=2352, 568.60612pt x 499.59892p
t>
File: Figures/chapter6/lth_absDiff_muEff-psip.pdf Graphic file (type pdf)
<use Figures/chapter6/lth_absDiff_muEff-psip.pdf>
Package pdftex.def Info: Figures/chapter6/lth_absDiff_muEff-psip.pdf  used on i
nput line 133.
(pdftex.def)             Requested size: 162.15042pt x 142.47102pt.

LaTeX Warning: `h' float specifier changed to `ht'.

<Figures/chapter6/lth_absDiff_eta-jpsi.pdf, id=2354, 569.12625pt x 551.05875pt>

File: Figures/chapter6/lth_absDiff_eta-jpsi.pdf Graphic file (type pdf)
<use Figures/chapter6/lth_absDiff_eta-jpsi.pdf>
Package pdftex.def Info: Figures/chapter6/lth_absDiff_eta-jpsi.pdf  used on inp
ut line 152.
(pdftex.def)             Requested size: 155.24895pt x 150.31818pt.
<Figures/chapter6/lth_absDiff_eta-psip.pdf, id=2355, 569.12625pt x 551.05875pt>

File: Figures/chapter6/lth_absDiff_eta-psip.pdf Graphic file (type pdf)
<use Figures/chapter6/lth_absDiff_eta-psip.pdf>
Package pdftex.def Info: Figures/chapter6/lth_absDiff_eta-psip.pdf  used on inp
ut line 153.
(pdftex.def)             Requested size: 155.24895pt x 150.31818pt.

LaTeX Warning: `h' float specifier changed to `ht'.

[45]

Package hyperref Warning: Token not allowed in a PDF string (PDFDocEncoding):
(hyperref)                removing `math shift' on input line 163.


Package hyperref Warning: Token not allowed in a PDF string (PDFDocEncoding):
(hyperref)                removing `\rho' on input line 163.


Package hyperref Warning: Token not allowed in a PDF string (PDFDocEncoding):
(hyperref)                removing `math shift' on input line 163.

<Figures/chapter6/AEtaPhi_full.pdf, id=2367, 569.12625pt x 546.04pt>
File: Figures/chapter6/AEtaPhi_full.pdf Graphic file (type pdf)
<use Figures/chapter6/AEtaPhi_full.pdf>
Package pdftex.def Info: Figures/chapter6/AEtaPhi_full.pdf  used on input line 
192.
(pdftex.def)             Requested size: 155.24895pt x 148.94917pt.

LaTeX Warning: `h' float specifier changed to `ht'.

<Figures/chapter6/RpTpT.pdf, id=2368, 569.12625pt x 548.0475pt>
File: Figures/chapter6/RpTpT.pdf Graphic file (type pdf)
<use Figures/chapter6/RpTpT.pdf>
Package pdftex.def Info: Figures/chapter6/RpTpT.pdf  used on input line 202.
(pdftex.def)             Requested size: 155.24895pt x 149.49678pt.
<Figures/chapter6/RpTpT_r.pdf, id=2369, 569.12625pt x 548.0475pt>
File: Figures/chapter6/RpTpT_r.pdf Graphic file (type pdf)
<use Figures/chapter6/RpTpT_r.pdf>
Package pdftex.def Info: Figures/chapter6/RpTpT_r.pdf  used on input line 203.
(pdftex.def)             Requested size: 155.24895pt x 149.49678pt.
<Figures/chapter6/lth_absDiff_rho-jpsi.pdf, id=2372, 569.12625pt x 551.05875pt>

File: Figures/chapter6/lth_absDiff_rho-jpsi.pdf Graphic file (type pdf)
<use Figures/chapter6/lth_absDiff_rho-jpsi.pdf>
Package pdftex.def Info: Figures/chapter6/lth_absDiff_rho-jpsi.pdf  used on inp
ut line 239.
(pdftex.def)             Requested size: 165.59853pt x 160.34108pt.
<Figures/chapter6/lth_absDiff_rho-psip.pdf, id=2373, 569.12625pt x 551.05875pt>

File: Figures/chapter6/lth_absDiff_rho-psip.pdf Graphic file (type pdf)
<use Figures/chapter6/lth_absDiff_rho-psip.pdf>
Package pdftex.def Info: Figures/chapter6/lth_absDiff_rho-psip.pdf  used on inp
ut line 240.
(pdftex.def)             Requested size: 165.59853pt x 160.34108pt.

LaTeX Warning: `h' float specifier changed to `ht'.

[46]
<Figures/chapter6/beta-jpsi.pdf, id=2385, 545.66562pt x 491.50526pt>
File: Figures/chapter6/beta-jpsi.pdf Graphic file (type pdf)
<use Figures/chapter6/beta-jpsi.pdf>
Package pdftex.def Info: Figures/chapter6/beta-jpsi.pdf  used on input line 281
.
(pdftex.def)             Requested size: 165.59853pt x 149.16266pt.
<Figures/chapter6/beta-psip.pdf, id=2386, 543.7976pt x 490.94917pt>
File: Figures/chapter6/beta-psip.pdf Graphic file (type pdf)
<use Figures/chapter6/beta-psip.pdf>
Package pdftex.def Info: Figures/chapter6/beta-psip.pdf  used on input line 282
.
(pdftex.def)             Requested size: 165.59853pt x 149.5033pt.


LaTeX Warning: `h' float specifier changed to `ht'.

[47]
<Figures/chapter6/lth_absDiff_phi_PR_NP-jpsi.pdf, id=2395, 553.8823pt x 490.202
4pt>
File: Figures/chapter6/lth_absDiff_phi_PR_NP-jpsi.pdf Graphic file (type pdf)
<use Figures/chapter6/lth_absDiff_phi_PR_NP-jpsi.pdf>
Package pdftex.def Info: Figures/chapter6/lth_absDiff_phi_PR_NP-jpsi.pdf  used 
on input line 337.
(pdftex.def)             Requested size: 165.59853pt x 146.5607pt.
<Figures/chapter6/lth_absDiff_phi_PR_NP-psip.pdf, id=2396, 553.8823pt x 490.202
4pt>
File: Figures/chapter6/lth_absDiff_phi_PR_NP-psip.pdf Graphic file (type pdf)
<use Figures/chapter6/lth_absDiff_phi_PR_NP-psip.pdf>
Package pdftex.def Info: Figures/chapter6/lth_absDiff_phi_PR_NP-psip.pdf  used 
on input line 338.
(pdftex.def)             Requested size: 165.59853pt x 146.5607pt.
 [48]
<Figures/chapter6/lthNP_uncs_stack-jpsi.pdf, id=2403, 569.12625pt x 551.05875pt
>
File: Figures/chapter6/lthNP_uncs_stack-jpsi.pdf Graphic file (type pdf)
<use Figures/chapter6/lthNP_uncs_stack-jpsi.pdf>
Package pdftex.def Info: Figures/chapter6/lthNP_uncs_stack-jpsi.pdf  used on in
put line 362.
(pdftex.def)             Requested size: 165.59853pt x 160.34108pt.
<Figures/chapter6/lthPR_uncs_stack-jpsi.pdf, id=2404, 569.12625pt x 551.05875pt
>
File: Figures/chapter6/lthPR_uncs_stack-jpsi.pdf Graphic file (type pdf)
<use Figures/chapter6/lthPR_uncs_stack-jpsi.pdf>
Package pdftex.def Info: Figures/chapter6/lthPR_uncs_stack-jpsi.pdf  used on in
put line 363.
(pdftex.def)             Requested size: 165.59853pt x 160.34108pt.
<Figures/chapter6/lthNP_uncs_stack-psip.pdf, id=2405, 569.12625pt x 551.05875pt
>
File: Figures/chapter6/lthNP_uncs_stack-psip.pdf Graphic file (type pdf)
<use Figures/chapter6/lthNP_uncs_stack-psip.pdf>
Package pdftex.def Info: Figures/chapter6/lthNP_uncs_stack-psip.pdf  used on in
put line 364.
(pdftex.def)             Requested size: 165.59853pt x 160.34108pt.
<Figures/chapter6/lthPR_uncs_stack-psip.pdf, id=2406, 569.12625pt x 551.05875pt
>
File: Figures/chapter6/lthPR_uncs_stack-psip.pdf Graphic file (type pdf)
<use Figures/chapter6/lthPR_uncs_stack-psip.pdf>
Package pdftex.def Info: Figures/chapter6/lthPR_uncs_stack-psip.pdf  used on in
put line 365.
(pdftex.def)             Requested size: 165.59853pt x 160.34108pt.


LaTeX Warning: `h' float specifier changed to `ht'.


LaTeX Warning: `h' float specifier changed to `ht'.


LaTeX Warning: `h' float specifier changed to `ht'.


LaTeX Warning: `h' float specifier changed to `ht'.

) (./07_results.tex
<Figures/chapter7/lth-PR-NP-jpsi-psip-final.pdf, id=2410, 554.06902pt x 542.304
06pt>
File: Figures/chapter7/lth-PR-NP-jpsi-psip-final.pdf Graphic file (type pdf)
<use Figures/chapter7/lth-PR-NP-jpsi-psip-final.pdf>
Package pdftex.def Info: Figures/chapter7/lth-PR-NP-jpsi-psip-final.pdf  used o
n input line 11.
(pdftex.def)             Requested size: 224.2479pt x 219.48299pt.


LaTeX Warning: `h' float specifier changed to `ht'.


LaTeX Warning: `h' float specifier changed to `ht'.


LaTeX Warning: `h' float specifier changed to `ht'.


LaTeX Warning: `h' float specifier changed to `ht'.


LaTeX Warning: `h' float specifier changed to `ht'.

) (./08_summary.tex [49]
<Figures/chapter8/lth_HX-Run2-vs-2011-jpsi-psip.pdf, id=2428, 645.38614pt x 491
.69598pt>
File: Figures/chapter8/lth_HX-Run2-vs-2011-jpsi-psip.pdf Graphic file (type pdf
)
<use Figures/chapter8/lth_HX-Run2-vs-2011-jpsi-psip.pdf>
Package pdftex.def Info: Figures/chapter8/lth_HX-Run2-vs-2011-jpsi-psip.pdf  us
ed on input line 21.
(pdftex.def)             Requested size: 207.0021pt x 157.70605pt.
<Figures/chapter8/lth_HX-Run2-vs-2011-jpsi.pdf, id=2431, 645.38614pt x 491.6959
8pt>
File: Figures/chapter8/lth_HX-Run2-vs-2011-jpsi.pdf Graphic file (type pdf)
<use Figures/chapter8/lth_HX-Run2-vs-2011-jpsi.pdf>
Package pdftex.def Info: Figures/chapter8/lth_HX-Run2-vs-2011-jpsi.pdf  used on
 input line 32.
(pdftex.def)             Requested size: 207.0021pt x 157.70605pt.
 [50]) (./AN-21-003.bbl
Underfull \hbox (badness 10000) in paragraph at lines 4--8
\OT1/cmtt/m/n/10 cms-[]service-[]lumi . web . cern . ch / cms-[]service-[]lumi 
/ brilwsdoc . html$[]\OT1/cmr/m/n/10 ,
 []

[51]
Underfull \hbox (badness 10000) in paragraph at lines 15--20
[]\OT1/cmr/m/n/10 BPH[]PAG.  Onia2MuMu pack-age for Run II.  Avail-able
 []


Underfull \hbox (badness 10000) in paragraph at lines 15--20
\OT1/cmr/m/n/10 at []$\OT1/cmtt/m/n/10 https : / / github . com / cms-[]sw / cm
ssw / tree / CMSSW _ 10 _ 6 _ X /
 []

[52] [53] [54]) [55] [56 <./Figures/chapter4/parf_mu.pdf> <./Figures/chapter4/p
arB_sig1.pdf, page is rotated 90 degrees> <./Figures/chapter4/parB_lambda.pdf, 
page is rotated 90 degrees>] [57 <./Figures/chapter4/parB_sig1-psip.pdf, page i
s rotated 90 degrees> <./Figures/chapter4/parB_lambda-psip.pdf, page is rotated
 90 degrees>] [58 <./Figures/chapter4/ltfit_pt4.pdf, page is rotated 90 degrees
> <./Figures/chapter4/ltfit_pt14.pdf, page is rotated 90 degrees> <./Figures/ch
apter4/ltpulls_pt4.pdf, page is rotated 90 degrees> <./Figures/chapter4/ltpulls
_pt14.pdf, page is rotated 90 degrees>] [59 <./Figures/chapter4/ltfit_psip_pt2.
pdf, page is rotated 90 degrees> <./Figures/chapter4/ltfit_psip_pt5.pdf, page i
s rotated 90 degrees> <./Figures/chapter4/pulls_ltfit_psip_pt2.pdf, page is rot
ated 90 degrees> <./Figures/chapter4/pulls_ltfit_psip_pt5.pdf, page is rotated 
90 degrees>] [60 <./Figures/chapter4/fNP-jpsi.pdf, page is rotated 90 degrees> 
<./Figures/chapter4/fNP-psip.pdf, page is rotated 90 degrees> <./Figures/chapte
r4/f_comp_corr-jpsi.pdf, page is rotated 90 degrees> <./Figures/chapter4/f_comp
_corr-psip.pdf, page is rotated 90 degrees>] [61 <./Figures/chapter4/fitcomp_fS
B.pdf, page is rotated 90 degrees> <./Figures/chapter4/fitcomp_fNP.pdf, page is
 rotated 90 degrees>] [62 <./Figures/chapter5/SB_base_full_4-jpsiPR.pdf, page i
s rotated 90 degrees> <./Figures/chapter5/SB_base_full_14-jpsiPR.pdf, page is r
otated 90 degrees> <./Figures/chapter5/SB_base_full_4-jpsiNP.pdf, page is rotat
ed 90 degrees> <./Figures/chapter5/SB_base_full_14-jpsiNP.pdf, page is rotated 
90 degrees> <./Figures/chapter5/SB_base_full_2-psipPR.pdf, page is rotated 90 d
egrees> <./Figures/chapter5/SB_base_full_5-psipPR.pdf, page is rotated 90 degre
es> <./Figures/chapter5/SB_base_full_2-psipNP.pdf, page is rotated 90 degrees> 
<./Figures/chapter5/SB_base_full_5-psipNP.pdf, page is rotated 90 degrees>]
[63 <./Figures/chapter5/bin1B_7-jpsiNP.pdf, page is rotated 90 degrees> <./Figu
res/chapter5/bin1F_7-jpsiNP.pdf, page is rotated 90 degrees> <./Figures/chapter
5/par_lth-jpsiNP.pdf, page is rotated 90 degrees> <./Figures/chapter5/par_lth-p
sipNP.pdf, page is rotated 90 degrees>] [64 <./Figures/chapter5/bin3B_7-jpsiPR.
pdf, page is rotated 90 degrees> <./Figures/chapter5/bin3F_7-jpsiPR.pdf, page i
s rotated 90 degrees> <./Figures/chapter5/par_lth_terms-jpsiPR.pdf> <./Figures/
chapter5/par_lth_terms-psipPR.pdf>] [65 <./Figures/chapter5/par_lth_summary_sta
tonly.pdf, page is rotated 90 degrees> <./Figures/chapter6/par_lth_years_unc-jp
si.pdf, page is rotated 90 degrees> <./Figures/chapter6/par_lth_years_unc-psip.
pdf, page is rotated 90 degrees>] [66 <./Figures/chapter6/lth_absDiff_M-jpsi.pd
f, page is rotated 90 degrees> <./Figures/chapter6/lth_absDiff_M-psip.pdf, page
 is rotated 90 degrees> <./Figures/chapter6/single_mu_effs_2015.pdf>] [67 <./Fi
gures/chapter6/lth_absDiff_muEff-jpsi.pdf, page is rotated 90 degrees> <./Figur
es/chapter6/lth_absDiff_muEff-psip.pdf, page is rotated 90 degrees> <./Figures/
chapter6/lth_absDiff_eta-jpsi.pdf, page is rotated 90 degrees> <./Figures/chapt
er6/lth_absDiff_eta-psip.pdf, page is rotated 90 degrees>] [68 <./Figures/chapt
er6/AEtaPhi_full.pdf, page is rotated 90 degrees> <./Figures/chapter6/RpTpT.pdf
, page is rotated 90 degrees> <./Figures/chapter6/RpTpT_r.pdf, page is rotated 
90 degrees>] [69 <./Figures/chapter6/lth_absDiff_rho-jpsi.pdf, page is rotated 
90 degrees> <./Figures/chapter6/lth_absDiff_rho-psip.pdf, page is rotated 90 de
grees> <./Figures/chapter6/beta-jpsi.pdf> <./Figures/chapter6/beta-psip.pdf

pdfTeX warning: /usr/bin/pdflatex (file ./Figures/chapter6/beta-psip.pdf): PDF 
inclusion: multiple pdfs with page group included in a single page
>] [70 <./Figures/chapter6/lth_absDiff_phi_PR_NP-jpsi.pdf> <./Figures/chapter6/
lth_absDiff_phi_PR_NP-psip.pdf

pdfTeX warning: /usr/bin/pdflatex (file ./Figures/chapter6/lth_absDiff_phi_PR_N
P-psip.pdf): PDF inclusion: multiple pdfs with page group included in a single 
page
>] [71 <./Figures/chapter6/lthNP_uncs_stack-jpsi.pdf, page is rotated 90 degree
s> <./Figures/chapter6/lthPR_uncs_stack-jpsi.pdf, page is rotated 90 degrees> <
./Figures/chapter6/lthNP_uncs_stack-psip.pdf, page is rotated 90 degrees> <./Fi
gures/chapter6/lthPR_uncs_stack-psip.pdf, page is rotated 90 degrees>] [72 <./F
igures/chapter7/lth-PR-NP-jpsi-psip-final.pdf>] [73 <./Figures/chapter8/lth_HX-
Run2-vs-2011-jpsi-psip.pdf> <./Figures/chapter8/lth_HX-Run2-vs-2011-jpsi.pdf>]
Package atveryend Info: Empty hook `BeforeClearDocument' on input line 84.
Package atveryend Info: Empty hook `AfterLastShipout' on input line 84.

(./AN-21-003.aux)
Package atveryend Info: Executing hook `AtVeryEndDocument' on input line 84.
Package atveryend Info: Executing hook `AtEndAfterFileList' on input line 84.
Package rerunfilecheck Info: File `AN-21-003.out' has not changed.
(rerunfilecheck)             Checksum: C84FDC11FE5F544B84EE126B195E8AF9;2094.
Package atveryend Info: Empty hook `AtVeryVeryEnd' on input line 84.
 ) 
Here is how much of TeX's memory you used:
 18359 strings out of 481239
 357822 string characters out of 5920378
 664977 words of memory out of 5000000
 32928 multiletter control sequences out of 15000+600000
 541165 words of font info for 55 fonts, out of 8000000 for 9000
 1141 hyphenation exceptions out of 8191
 60i,18n,60p,879b,444s stack positions out of 5000i,500n,10000p,200000b,80000s
{/usr/share/texmf/fonts/enc/dvips/cm-super/cm-super-ts1.enc}</usr/share/texli
ve/texmf-dist/fonts/type1/public/amsfonts/cm/cmbx10.pfb></usr/share/texlive/tex
mf-dist/fonts/type1/public/amsfonts/cm/cmbx12.pfb></usr/share/texlive/texmf-dis
t/fonts/type1/public/amsfonts/cm/cmbx7.pfb></usr/share/texlive/texmf-dist/fonts
/type1/public/amsfonts/cm/cmex10.pfb></usr/share/texlive/texmf-dist/fonts/type1
/public/amsfonts/cm/cmmi10.pfb></usr/share/texlive/texmf-dist/fonts/type1/publi
c/amsfonts/cm/cmmi12.pfb></usr/share/texlive/texmf-dist/fonts/type1/public/amsf
onts/cm/cmmi7.pfb></usr/share/texlive/texmf-dist/fonts/type1/public/amsfonts/cm
/cmmi9.pfb></usr/share/texlive/texmf-dist/fonts/type1/public/amsfonts/cm/cmr10.
pfb></usr/share/texlive/texmf-dist/fonts/type1/public/amsfonts/cm/cmr12.pfb></u
sr/share/texlive/texmf-dist/fonts/type1/public/amsfonts/cm/cmr17.pfb></usr/shar
e/texlive/texmf-dist/fonts/type1/public/amsfonts/cm/cmr5.pfb></usr/share/texliv
e/texmf-dist/fonts/type1/public/amsfonts/cm/cmr7.pfb></usr/share/texlive/texmf-
dist/fonts/type1/public/amsfonts/cm/cmr9.pfb></usr/share/texlive/texmf-dist/fon
ts/type1/public/amsfonts/cm/cmsy10.pfb></usr/share/texlive/texmf-dist/fonts/typ
e1/public/amsfonts/cm/cmsy7.pfb></usr/share/texlive/texmf-dist/fonts/type1/publ
ic/amsfonts/cm/cmti10.pfb></usr/share/texlive/texmf-dist/fonts/type1/public/ams
fonts/cm/cmtt10.pfb></usr/share/texmf/fonts/type1/public/cm-super/sfrm1000.pfb>

Output written on AN-21-003.pdf (73 pages, 4566885 bytes).
PDF statistics:
 5080 PDF objects out of 5155 (max. 8388607)
 2632 compressed objects within 27 object streams
 210 named destinations out of 1000 (max. 500000)
 771 words of extra memory for PDF output out of 10000 (max. 10000000)

