\BOOKMARK [1][-]{section.1}{Introduction}{}% 1
\BOOKMARK [2][-]{subsection.1.1}{Previous CMS quarkonium polarization analyses}{section.1}% 2
\BOOKMARK [2][-]{subsection.1.2}{Brief overview of the analysis}{section.1}% 3
\BOOKMARK [2][-]{subsection.1.3}{Physics motivation for a high-precision polarization measurement}{section.1}% 4
\BOOKMARK [2][-]{subsection.1.4}{Basic polarization concepts and definitions}{section.1}% 5
\BOOKMARK [1][-]{section.2}{Data and MC samples, event selection criteria, basic plots}{}% 6
\BOOKMARK [2][-]{subsection.2.1}{Data samples}{section.2}% 7
\BOOKMARK [2][-]{subsection.2.2}{Monte-Carlo samples}{section.2}% 8
\BOOKMARK [2][-]{subsection.2.3}{Event selection criteria and definition of analysis samples}{section.2}% 9
\BOOKMARK [2][-]{subsection.2.4}{Event yields per year of data taking}{section.2}% 10
\BOOKMARK [2][-]{subsection.2.5}{Illustrations of some kinematical distributions}{section.2}% 11
\BOOKMARK [1][-]{section.3}{A brief overview of the analysis}{}% 12
\BOOKMARK [1][-]{section.4}{Dimuon mass and lifetime dimensions}{}% 13
\BOOKMARK [2][-]{subsection.4.1}{The dimuon mass distribution}{section.4}% 14
\BOOKMARK [2][-]{subsection.4.2}{The dimuon lifetime distribution}{section.4}% 15
\BOOKMARK [2][-]{subsection.4.3}{An interesting side remark}{section.4}% 16
\BOOKMARK [1][-]{section.5}{Polarization measurement}{}% 17
\BOOKMARK [1][-]{section.6}{Systematic uncertainties}{}% 18
\BOOKMARK [2][-]{subsection.6.1}{Potential differences between the 2017 and 2018 samples}{section.6}% 19
\BOOKMARK [2][-]{subsection.6.2}{Fit model of the dimuon mass distributions}{section.6}% 20
\BOOKMARK [2][-]{subsection.6.3}{Single muon detection efficiencies}{section.6}% 21
\BOOKMARK [2][-]{subsection.6.4}{Dimuon detection efficiencies \(`` factor"\)}{section.6}% 22
\BOOKMARK [2][-]{subsection.6.5}{Potential residual azimuthal anisotropy in the helicity frame}{section.6}% 23
\BOOKMARK [2][-]{subsection.6.6}{Summary of the systematic uncertainties}{section.6}% 24
\BOOKMARK [1][-]{section.7}{Results}{}% 25
\BOOKMARK [1][-]{section.8}{Summary}{}% 26
